mode: atomic
github.com/uncloud-cc/ocw/pkg/schema/build_step.go:46.78,48.38 2 4
github.com/uncloud-cc/ocw/pkg/schema/build_step.go:48.38,51.3 2 1
github.com/uncloud-cc/ocw/pkg/schema/build_step.go:53.2,54.39 2 3
github.com/uncloud-cc/ocw/pkg/schema/build_step.go:54.39,57.3 2 1
github.com/uncloud-cc/ocw/pkg/schema/build_step.go:59.2,60.38 2 2
github.com/uncloud-cc/ocw/pkg/schema/build_step.go:60.38,63.3 2 1
github.com/uncloud-cc/ocw/pkg/schema/build_step.go:65.2,66.39 2 1
github.com/uncloud-cc/ocw/pkg/schema/build_step.go:66.39,69.3 2 1
github.com/uncloud-cc/ocw/pkg/schema/build_step.go:71.2,71.12 1 0
github.com/uncloud-cc/ocw/pkg/schema/build_step.go:75.57,76.21 1 4
github.com/uncloud-cc/ocw/pkg/schema/build_step.go:76.21,78.3 1 1
github.com/uncloud-cc/ocw/pkg/schema/build_step.go:79.2,79.22 1 3
github.com/uncloud-cc/ocw/pkg/schema/build_step.go:79.22,81.3 1 1
github.com/uncloud-cc/ocw/pkg/schema/build_step.go:82.2,82.21 1 2
github.com/uncloud-cc/ocw/pkg/schema/build_step.go:82.21,84.3 1 1
github.com/uncloud-cc/ocw/pkg/schema/build_step.go:85.2,85.23 1 1
github.com/uncloud-cc/ocw/pkg/schema/build_step.go:102.79,104.38 2 2
github.com/uncloud-cc/ocw/pkg/schema/build_step.go:104.38,107.3 2 1
github.com/uncloud-cc/ocw/pkg/schema/build_step.go:109.2,110.38 2 1
github.com/uncloud-cc/ocw/pkg/schema/build_step.go:110.38,113.3 2 1
github.com/uncloud-cc/ocw/pkg/schema/build_step.go:115.2,115.12 1 0
github.com/uncloud-cc/ocw/pkg/schema/build_step.go:119.58,120.18 1 2
github.com/uncloud-cc/ocw/pkg/schema/build_step.go:120.18,122.3 1 1
github.com/uncloud-cc/ocw/pkg/schema/build_step.go:123.2,123.21 1 1
github.com/uncloud-cc/ocw/pkg/schema/build_step.go:144.79,146.39 2 3
github.com/uncloud-cc/ocw/pkg/schema/build_step.go:146.39,149.3 2 2
github.com/uncloud-cc/ocw/pkg/schema/build_step.go:151.2,152.38 2 1
github.com/uncloud-cc/ocw/pkg/schema/build_step.go:152.38,155.3 2 1
github.com/uncloud-cc/ocw/pkg/schema/build_step.go:157.2,157.12 1 0
github.com/uncloud-cc/ocw/pkg/schema/build_step.go:161.58,162.19 1 3
github.com/uncloud-cc/ocw/pkg/schema/build_step.go:162.19,164.3 1 2
github.com/uncloud-cc/ocw/pkg/schema/build_step.go:165.2,165.22 1 1
github.com/uncloud-cc/ocw/pkg/schema/config.go:24.73,27.42 2 4
github.com/uncloud-cc/ocw/pkg/schema/config.go:27.42,31.3 3 1
github.com/uncloud-cc/ocw/pkg/schema/config.go:34.2,38.46 2 3
github.com/uncloud-cc/ocw/pkg/schema/config.go:38.46,42.3 3 3
github.com/uncloud-cc/ocw/pkg/schema/config.go:44.2,44.12 1 0
github.com/uncloud-cc/ocw/pkg/schema/config.go:48.52,49.16 1 3
github.com/uncloud-cc/ocw/pkg/schema/config.go:49.16,57.3 1 2
github.com/uncloud-cc/ocw/pkg/schema/config.go:58.2,58.21 1 1
github.com/uncloud-cc/ocw/pkg/schema/config.go:81.78,84.42 2 2
github.com/uncloud-cc/ocw/pkg/schema/config.go:84.42,87.3 2 1
github.com/uncloud-cc/ocw/pkg/schema/config.go:90.2,91.43 2 1
github.com/uncloud-cc/ocw/pkg/schema/config.go:91.43,94.3 2 1
github.com/uncloud-cc/ocw/pkg/schema/config.go:96.2,96.12 1 0
github.com/uncloud-cc/ocw/pkg/schema/config.go:100.57,101.21 1 2
github.com/uncloud-cc/ocw/pkg/schema/config.go:101.21,103.3 1 1
github.com/uncloud-cc/ocw/pkg/schema/config.go:104.2,104.21 1 1
github.com/uncloud-cc/ocw/pkg/schema/jobs.go:48.36,49.25 1 31
github.com/uncloud-cc/ocw/pkg/schema/jobs.go:49.25,51.3 1 4
github.com/uncloud-cc/ocw/pkg/schema/jobs.go:52.2,52.25 1 27
github.com/uncloud-cc/ocw/pkg/schema/jobs.go:52.25,54.3 1 19
github.com/uncloud-cc/ocw/pkg/schema/jobs.go:55.2,55.21 1 8
github.com/uncloud-cc/ocw/pkg/schema/jobs.go:55.21,57.3 1 1
github.com/uncloud-cc/ocw/pkg/schema/jobs.go:58.2,58.19 1 7
github.com/uncloud-cc/ocw/pkg/schema/jobs.go:58.19,60.3 1 1
github.com/uncloud-cc/ocw/pkg/schema/jobs.go:61.2,61.11 1 6
github.com/uncloud-cc/ocw/pkg/schema/jobs.go:65.33,66.25 1 4
github.com/uncloud-cc/ocw/pkg/schema/jobs.go:66.25,68.3 1 1
github.com/uncloud-cc/ocw/pkg/schema/jobs.go:69.2,69.25 1 3
github.com/uncloud-cc/ocw/pkg/schema/jobs.go:69.25,71.3 1 1
github.com/uncloud-cc/ocw/pkg/schema/jobs.go:72.2,72.19 1 2
github.com/uncloud-cc/ocw/pkg/schema/jobs.go:72.19,74.3 1 1
github.com/uncloud-cc/ocw/pkg/schema/jobs.go:75.2,75.12 1 1
github.com/uncloud-cc/ocw/pkg/schema/jobs.go:79.70,83.42 3 26
github.com/uncloud-cc/ocw/pkg/schema/jobs.go:83.42,85.3 1 0
github.com/uncloud-cc/ocw/pkg/schema/jobs.go:87.2,90.27 2 26
github.com/uncloud-cc/ocw/pkg/schema/jobs.go:90.27,93.43 2 5
github.com/uncloud-cc/ocw/pkg/schema/jobs.go:93.43,95.4 1 0
github.com/uncloud-cc/ocw/pkg/schema/jobs.go:98.3,98.46 1 5
github.com/uncloud-cc/ocw/pkg/schema/jobs.go:98.46,100.43 2 1
github.com/uncloud-cc/ocw/pkg/schema/jobs.go:100.43,102.5 1 0
github.com/uncloud-cc/ocw/pkg/schema/jobs.go:103.4,103.34 1 1
github.com/uncloud-cc/ocw/pkg/schema/jobs.go:104.9,104.53 1 4
github.com/uncloud-cc/ocw/pkg/schema/jobs.go:104.53,106.43 2 1
github.com/uncloud-cc/ocw/pkg/schema/jobs.go:106.43,108.5 1 0
github.com/uncloud-cc/ocw/pkg/schema/jobs.go:109.4,109.36 1 1
github.com/uncloud-cc/ocw/pkg/schema/jobs.go:113.2,113.12 1 26
github.com/uncloud-cc/ocw/pkg/schema/jsonschema.go:11.73,13.2 1 0
github.com/uncloud-cc/ocw/pkg/schema/jsonschema.go:17.60,24.2 1 0
github.com/uncloud-cc/ocw/pkg/schema/jsonschema.go:28.57,38.2 1 0
github.com/uncloud-cc/ocw/pkg/schema/jsonschema.go:42.55,49.2 1 0
github.com/uncloud-cc/ocw/pkg/schema/jsonschema.go:53.53,60.2 1 0
github.com/uncloud-cc/ocw/pkg/schema/jsonschema.go:64.52,79.2 3 0
github.com/uncloud-cc/ocw/pkg/schema/jsonschema.go:83.52,125.2 12 0
github.com/uncloud-cc/ocw/pkg/schema/jsonschema.go:129.53,151.2 6 0
github.com/uncloud-cc/ocw/pkg/schema/jsonschema.go:155.52,163.2 2 0
github.com/uncloud-cc/ocw/pkg/schema/jsonschema.go:167.45,178.2 1 0
github.com/uncloud-cc/ocw/pkg/schema/run_step.go:46.73,49.46 2 4
github.com/uncloud-cc/ocw/pkg/schema/run_step.go:49.46,52.3 2 1
github.com/uncloud-cc/ocw/pkg/schema/run_step.go:55.2,56.45 2 3
github.com/uncloud-cc/ocw/pkg/schema/run_step.go:56.45,58.33 2 1
github.com/uncloud-cc/ocw/pkg/schema/run_step.go:58.33,60.4 1 2
github.com/uncloud-cc/ocw/pkg/schema/run_step.go:61.3,61.13 1 1
github.com/uncloud-cc/ocw/pkg/schema/run_step.go:65.2,66.46 2 2
github.com/uncloud-cc/ocw/pkg/schema/run_step.go:66.46,69.26 2 2
github.com/uncloud-cc/ocw/pkg/schema/run_step.go:69.26,70.32 1 3
github.com/uncloud-cc/ocw/pkg/schema/run_step.go:70.32,72.5 1 2
github.com/uncloud-cc/ocw/pkg/schema/run_step.go:73.4,73.33 1 3
github.com/uncloud-cc/ocw/pkg/schema/run_step.go:73.33,75.5 1 1
github.com/uncloud-cc/ocw/pkg/schema/run_step.go:77.3,77.13 1 2
github.com/uncloud-cc/ocw/pkg/schema/run_step.go:80.2,80.12 1 0
github.com/uncloud-cc/ocw/pkg/schema/run_step.go:84.52,85.23 1 5
github.com/uncloud-cc/ocw/pkg/schema/run_step.go:85.23,87.3 1 1
github.com/uncloud-cc/ocw/pkg/schema/run_step.go:89.2,90.28 2 4
github.com/uncloud-cc/ocw/pkg/schema/run_step.go:90.28,91.60 1 5
github.com/uncloud-cc/ocw/pkg/schema/run_step.go:91.60,93.9 2 2
github.com/uncloud-cc/ocw/pkg/schema/run_step.go:96.2,96.15 1 4
github.com/uncloud-cc/ocw/pkg/schema/run_step.go:96.15,97.24 1 2
github.com/uncloud-cc/ocw/pkg/schema/run_step.go:97.24,99.4 1 1
github.com/uncloud-cc/ocw/pkg/schema/run_step.go:101.3,102.29 2 1
github.com/uncloud-cc/ocw/pkg/schema/run_step.go:102.29,104.4 1 2
github.com/uncloud-cc/ocw/pkg/schema/run_step.go:105.3,105.20 1 1
github.com/uncloud-cc/ocw/pkg/schema/run_step.go:108.2,108.21 1 2
github.com/uncloud-cc/ocw/pkg/schema/schema.go:49.36,50.25 1 6
github.com/uncloud-cc/ocw/pkg/schema/schema.go:50.25,52.3 1 2
github.com/uncloud-cc/ocw/pkg/schema/schema.go:53.2,53.25 1 4
github.com/uncloud-cc/ocw/pkg/schema/schema.go:53.25,55.3 1 1
github.com/uncloud-cc/ocw/pkg/schema/schema.go:56.2,56.21 1 3
github.com/uncloud-cc/ocw/pkg/schema/schema.go:56.21,58.3 1 1
github.com/uncloud-cc/ocw/pkg/schema/schema.go:59.2,59.11 1 2
github.com/uncloud-cc/ocw/pkg/schema/schema.go:63.36,65.2 1 2
github.com/uncloud-cc/ocw/pkg/schema/schema.go:68.30,70.2 1 2
github.com/uncloud-cc/ocw/pkg/schema/schema.go:73.40,74.19 1 4
github.com/uncloud-cc/ocw/pkg/schema/schema.go:74.19,76.3 1 0
github.com/uncloud-cc/ocw/pkg/schema/schema.go:77.2,78.9 2 4
github.com/uncloud-cc/ocw/pkg/schema/schema.go:78.9,80.3 1 1
github.com/uncloud-cc/ocw/pkg/schema/schema.go:81.2,81.13 1 3
github.com/uncloud-cc/ocw/pkg/schema/schema.go:85.38,86.19 1 1
github.com/uncloud-cc/ocw/pkg/schema/schema.go:86.19,88.3 1 0
github.com/uncloud-cc/ocw/pkg/schema/schema.go:89.2,90.27 2 1
github.com/uncloud-cc/ocw/pkg/schema/schema.go:90.27,92.3 1 3
github.com/uncloud-cc/ocw/pkg/schema/schema.go:93.2,93.14 1 1
github.com/uncloud-cc/ocw/pkg/schema/schema.go:97.33,98.25 1 3
github.com/uncloud-cc/ocw/pkg/schema/schema.go:98.25,100.3 1 1
github.com/uncloud-cc/ocw/pkg/schema/schema.go:101.2,101.25 1 2
github.com/uncloud-cc/ocw/pkg/schema/schema.go:101.25,103.3 1 1
github.com/uncloud-cc/ocw/pkg/schema/schema.go:104.2,104.12 1 1
github.com/uncloud-cc/ocw/pkg/schema/schema.go:108.39,110.51 2 26
github.com/uncloud-cc/ocw/pkg/schema/schema.go:110.51,112.3 1 1
github.com/uncloud-cc/ocw/pkg/schema/schema.go:113.2,113.18 1 25
github.com/uncloud-cc/ocw/pkg/schema/schema.go:117.43,119.16 2 0
github.com/uncloud-cc/ocw/pkg/schema/schema.go:119.16,121.3 1 0
github.com/uncloud-cc/ocw/pkg/schema/schema.go:122.2,122.20 1 0
github.com/uncloud-cc/ocw/pkg/schema/schema.go:126.41,128.2 1 1
github.com/uncloud-cc/ocw/pkg/schema/steps.go:50.86,52.43 2 2
github.com/uncloud-cc/ocw/pkg/schema/steps.go:52.43,55.3 2 1
github.com/uncloud-cc/ocw/pkg/schema/steps.go:57.2,58.45 2 1
github.com/uncloud-cc/ocw/pkg/schema/steps.go:58.45,61.3 2 1
github.com/uncloud-cc/ocw/pkg/schema/steps.go:63.2,63.12 1 0
github.com/uncloud-cc/ocw/pkg/schema/steps.go:67.65,68.21 1 2
github.com/uncloud-cc/ocw/pkg/schema/steps.go:68.21,70.3 1 1
github.com/uncloud-cc/ocw/pkg/schema/steps.go:71.2,71.24 1 1
github.com/uncloud-cc/ocw/pkg/schema/steps.go:81.83,83.38 2 2
github.com/uncloud-cc/ocw/pkg/schema/steps.go:83.38,86.3 2 1
github.com/uncloud-cc/ocw/pkg/schema/steps.go:88.2,89.39 2 1
github.com/uncloud-cc/ocw/pkg/schema/steps.go:89.39,92.3 2 1
github.com/uncloud-cc/ocw/pkg/schema/steps.go:94.2,94.12 1 0
github.com/uncloud-cc/ocw/pkg/schema/steps.go:98.62,99.18 1 2
github.com/uncloud-cc/ocw/pkg/schema/steps.go:99.18,101.3 1 1
github.com/uncloud-cc/ocw/pkg/schema/steps.go:102.2,102.21 1 1
github.com/uncloud-cc/ocw/pkg/schema/steps.go:112.81,114.40 2 4
github.com/uncloud-cc/ocw/pkg/schema/steps.go:114.40,117.3 2 3
github.com/uncloud-cc/ocw/pkg/schema/steps.go:119.2,120.38 2 1
github.com/uncloud-cc/ocw/pkg/schema/steps.go:120.38,123.3 2 1
github.com/uncloud-cc/ocw/pkg/schema/steps.go:125.2,125.12 1 0
github.com/uncloud-cc/ocw/pkg/schema/steps.go:129.60,130.21 1 3
github.com/uncloud-cc/ocw/pkg/schema/steps.go:130.21,132.3 1 2
github.com/uncloud-cc/ocw/pkg/schema/steps.go:133.2,133.22 1 1
github.com/uncloud-cc/ocw/pkg/schema/steps.go:160.78,162.43 2 2
github.com/uncloud-cc/ocw/pkg/schema/steps.go:162.43,165.3 2 1
github.com/uncloud-cc/ocw/pkg/schema/steps.go:167.2,168.45 2 1
github.com/uncloud-cc/ocw/pkg/schema/steps.go:168.45,171.3 2 1
github.com/uncloud-cc/ocw/pkg/schema/steps.go:173.2,173.12 1 0
github.com/uncloud-cc/ocw/pkg/schema/steps.go:177.57,178.21 1 2
github.com/uncloud-cc/ocw/pkg/schema/steps.go:178.21,180.3 1 1
github.com/uncloud-cc/ocw/pkg/schema/steps.go:181.2,181.24 1 1
github.com/uncloud-cc/ocw/pkg/schema/steps.go:212.71,215.42 2 36
github.com/uncloud-cc/ocw/pkg/schema/steps.go:215.42,217.3 1 1
github.com/uncloud-cc/ocw/pkg/schema/steps.go:220.2,220.36 1 35
github.com/uncloud-cc/ocw/pkg/schema/steps.go:220.36,222.42 2 0
github.com/uncloud-cc/ocw/pkg/schema/steps.go:222.42,224.4 1 0
github.com/uncloud-cc/ocw/pkg/schema/steps.go:225.3,226.13 2 0
github.com/uncloud-cc/ocw/pkg/schema/steps.go:229.2,229.36 1 35
github.com/uncloud-cc/ocw/pkg/schema/steps.go:229.36,231.42 2 0
github.com/uncloud-cc/ocw/pkg/schema/steps.go:231.42,233.4 1 0
github.com/uncloud-cc/ocw/pkg/schema/steps.go:234.3,235.13 2 0
github.com/uncloud-cc/ocw/pkg/schema/steps.go:238.2,238.36 1 35
github.com/uncloud-cc/ocw/pkg/schema/steps.go:238.36,240.42 2 0
github.com/uncloud-cc/ocw/pkg/schema/steps.go:240.42,242.4 1 0
github.com/uncloud-cc/ocw/pkg/schema/steps.go:243.3,244.13 2 0
github.com/uncloud-cc/ocw/pkg/schema/steps.go:247.2,247.34 1 35
github.com/uncloud-cc/ocw/pkg/schema/steps.go:247.34,249.42 2 0
github.com/uncloud-cc/ocw/pkg/schema/steps.go:249.42,251.4 1 0
github.com/uncloud-cc/ocw/pkg/schema/steps.go:252.3,253.13 2 0
github.com/uncloud-cc/ocw/pkg/schema/steps.go:256.2,256.33 1 35
github.com/uncloud-cc/ocw/pkg/schema/steps.go:256.33,258.42 2 1
github.com/uncloud-cc/ocw/pkg/schema/steps.go:258.42,260.4 1 0
github.com/uncloud-cc/ocw/pkg/schema/steps.go:261.3,262.13 2 1
github.com/uncloud-cc/ocw/pkg/schema/steps.go:266.2,266.33 1 34
github.com/uncloud-cc/ocw/pkg/schema/steps.go:266.33,268.42 2 34
github.com/uncloud-cc/ocw/pkg/schema/steps.go:268.42,270.4 1 0
github.com/uncloud-cc/ocw/pkg/schema/steps.go:271.3,272.13 2 34
github.com/uncloud-cc/ocw/pkg/schema/steps.go:275.2,275.119 1 0
github.com/uncloud-cc/ocw/pkg/schema/steps.go:279.50,280.22 1 4
github.com/uncloud-cc/ocw/pkg/schema/steps.go:280.22,282.3 1 4
github.com/uncloud-cc/ocw/pkg/schema/steps.go:283.2,283.24 1 0
github.com/uncloud-cc/ocw/pkg/schema/steps.go:283.24,285.3 1 0
github.com/uncloud-cc/ocw/pkg/schema/steps.go:286.2,286.27 1 0
github.com/uncloud-cc/ocw/pkg/schema/steps.go:286.27,288.3 1 0
github.com/uncloud-cc/ocw/pkg/schema/steps.go:289.2,289.27 1 0
github.com/uncloud-cc/ocw/pkg/schema/steps.go:289.27,291.3 1 0
github.com/uncloud-cc/ocw/pkg/schema/steps.go:292.2,292.27 1 0
github.com/uncloud-cc/ocw/pkg/schema/steps.go:292.27,294.3 1 0
github.com/uncloud-cc/ocw/pkg/schema/steps.go:295.2,295.25 1 0
github.com/uncloud-cc/ocw/pkg/schema/steps.go:295.25,297.3 1 0
github.com/uncloud-cc/ocw/pkg/schema/steps.go:298.2,298.17 1 0
github.com/uncloud-cc/ocw/pkg/schema/validate.go:19.41,20.18 1 9
github.com/uncloud-cc/ocw/pkg/schema/validate.go:20.18,22.3 1 2
github.com/uncloud-cc/ocw/pkg/schema/validate.go:23.2,23.49 1 7
github.com/uncloud-cc/ocw/pkg/schema/validate.go:29.42,30.17 1 7
github.com/uncloud-cc/ocw/pkg/schema/validate.go:30.17,32.3 1 1
github.com/uncloud-cc/ocw/pkg/schema/validate.go:33.2,33.17 1 6
github.com/uncloud-cc/ocw/pkg/schema/validate.go:33.17,35.3 1 5
github.com/uncloud-cc/ocw/pkg/schema/validate.go:36.2,37.24 2 1
github.com/uncloud-cc/ocw/pkg/schema/validate.go:37.24,39.3 1 2
github.com/uncloud-cc/ocw/pkg/schema/validate.go:40.2,40.12 1 1
github.com/uncloud-cc/ocw/pkg/schema/validate.go:44.43,45.17 1 23
github.com/uncloud-cc/ocw/pkg/schema/validate.go:45.17,47.3 1 18
github.com/uncloud-cc/ocw/pkg/schema/validate.go:48.2,48.10 1 5
github.com/uncloud-cc/ocw/pkg/schema/validate.go:57.32,59.2 1 21
github.com/uncloud-cc/ocw/pkg/schema/validate.go:61.54,63.18 2 99
github.com/uncloud-cc/ocw/pkg/schema/validate.go:63.18,65.3 1 64
github.com/uncloud-cc/ocw/pkg/schema/validate.go:66.2,66.52 1 99
github.com/uncloud-cc/ocw/pkg/schema/validate.go:69.53,72.2 2 24
github.com/uncloud-cc/ocw/pkg/schema/validate.go:74.42,76.2 1 41
github.com/uncloud-cc/ocw/pkg/schema/validate.go:78.59,80.2 1 3
github.com/uncloud-cc/ocw/pkg/schema/validate.go:82.45,84.2 1 43
github.com/uncloud-cc/ocw/pkg/schema/validate.go:87.32,91.27 2 21
github.com/uncloud-cc/ocw/pkg/schema/validate.go:91.27,93.3 1 5
github.com/uncloud-cc/ocw/pkg/schema/validate.go:94.2,94.18 1 21
github.com/uncloud-cc/ocw/pkg/schema/validate.go:94.18,96.3 1 5
github.com/uncloud-cc/ocw/pkg/schema/validate.go:99.2,99.16 1 21
github.com/uncloud-cc/ocw/pkg/schema/validate.go:99.16,101.3 1 3
github.com/uncloud-cc/ocw/pkg/schema/validate.go:104.2,105.25 2 21
github.com/uncloud-cc/ocw/pkg/schema/validate.go:105.25,107.3 1 1
github.com/uncloud-cc/ocw/pkg/schema/validate.go:108.2,108.25 1 21
github.com/uncloud-cc/ocw/pkg/schema/validate.go:108.25,110.3 1 1
github.com/uncloud-cc/ocw/pkg/schema/validate.go:111.2,111.21 1 21
github.com/uncloud-cc/ocw/pkg/schema/validate.go:111.21,113.3 1 0
github.com/uncloud-cc/ocw/pkg/schema/validate.go:116.2,119.32 3 21
github.com/uncloud-cc/ocw/pkg/schema/validate.go:119.32,121.3 1 1
github.com/uncloud-cc/ocw/pkg/schema/validate.go:123.2,123.19 1 21
github.com/uncloud-cc/ocw/pkg/schema/validate.go:123.19,125.3 1 0
github.com/uncloud-cc/ocw/pkg/schema/validate.go:128.2,128.13 1 21
github.com/uncloud-cc/ocw/pkg/schema/validate.go:128.13,129.34 1 18
github.com/uncloud-cc/ocw/pkg/schema/validate.go:129.34,133.37 2 19
github.com/uncloud-cc/ocw/pkg/schema/validate.go:133.37,135.5 1 0
github.com/uncloud-cc/ocw/pkg/schema/validate.go:137.4,138.15 2 19
github.com/uncloud-cc/ocw/pkg/schema/validate.go:143.2,143.25 1 21
github.com/uncloud-cc/ocw/pkg/schema/validate.go:143.25,144.35 1 1
github.com/uncloud-cc/ocw/pkg/schema/validate.go:144.35,148.4 3 2
github.com/uncloud-cc/ocw/pkg/schema/validate.go:150.2,150.25 1 21
github.com/uncloud-cc/ocw/pkg/schema/validate.go:150.25,151.35 1 1
github.com/uncloud-cc/ocw/pkg/schema/validate.go:151.35,155.4 3 2
github.com/uncloud-cc/ocw/pkg/schema/validate.go:157.2,157.21 1 21
github.com/uncloud-cc/ocw/pkg/schema/validate.go:157.21,159.3 1 0
github.com/uncloud-cc/ocw/pkg/schema/validate.go:161.2,161.27 1 21
github.com/uncloud-cc/ocw/pkg/schema/validate.go:164.43,167.27 2 19
github.com/uncloud-cc/ocw/pkg/schema/validate.go:167.27,169.3 1 2
github.com/uncloud-cc/ocw/pkg/schema/validate.go:170.2,170.27 1 19
github.com/uncloud-cc/ocw/pkg/schema/validate.go:170.27,172.3 1 14
github.com/uncloud-cc/ocw/pkg/schema/validate.go:173.2,173.23 1 19
github.com/uncloud-cc/ocw/pkg/schema/validate.go:173.23,175.3 1 0
github.com/uncloud-cc/ocw/pkg/schema/validate.go:176.2,176.21 1 19
github.com/uncloud-cc/ocw/pkg/schema/validate.go:176.21,178.3 1 0
github.com/uncloud-cc/ocw/pkg/schema/validate.go:180.2,180.20 1 19
github.com/uncloud-cc/ocw/pkg/schema/validate.go:180.20,182.3 1 3
github.com/uncloud-cc/ocw/pkg/schema/validate.go:182.8,182.26 1 16
github.com/uncloud-cc/ocw/pkg/schema/validate.go:182.26,184.3 1 0
github.com/uncloud-cc/ocw/pkg/schema/validate.go:187.2,187.27 1 19
github.com/uncloud-cc/ocw/pkg/schema/validate.go:187.27,188.37 1 2
github.com/uncloud-cc/ocw/pkg/schema/validate.go:188.37,192.4 3 4
github.com/uncloud-cc/ocw/pkg/schema/validate.go:194.2,194.27 1 19
github.com/uncloud-cc/ocw/pkg/schema/validate.go:194.27,195.37 1 14
github.com/uncloud-cc/ocw/pkg/schema/validate.go:195.37,199.4 3 16
github.com/uncloud-cc/ocw/pkg/schema/validate.go:201.2,201.23 1 19
github.com/uncloud-cc/ocw/pkg/schema/validate.go:201.23,203.3 1 0
github.com/uncloud-cc/ocw/pkg/schema/validate.go:204.2,204.21 1 19
github.com/uncloud-cc/ocw/pkg/schema/validate.go:204.21,206.3 1 0
github.com/uncloud-cc/ocw/pkg/schema/validate.go:209.57,210.32 1 5
github.com/uncloud-cc/ocw/pkg/schema/validate.go:210.32,212.3 1 3
github.com/uncloud-cc/ocw/pkg/schema/validate.go:215.46,216.9 1 24
github.com/uncloud-cc/ocw/pkg/schema/validate.go:217.27,218.34 1 23
github.com/uncloud-cc/ocw/pkg/schema/validate.go:219.29,220.38 1 1
github.com/uncloud-cc/ocw/pkg/schema/validate.go:221.32,222.44 1 0
github.com/uncloud-cc/ocw/pkg/schema/validate.go:223.32,224.44 1 0
github.com/uncloud-cc/ocw/pkg/schema/validate.go:225.32,226.44 1 0
github.com/uncloud-cc/ocw/pkg/schema/validate.go:227.30,228.40 1 0
github.com/uncloud-cc/ocw/pkg/schema/validate.go:229.10,230.107 1 0
github.com/uncloud-cc/ocw/pkg/schema/validate.go:234.52,236.21 1 23
github.com/uncloud-cc/ocw/pkg/schema/validate.go:236.21,238.3 1 23
github.com/uncloud-cc/ocw/pkg/schema/validate.go:241.2,241.19 1 23
github.com/uncloud-cc/ocw/pkg/schema/validate.go:241.19,243.3 1 2
github.com/uncloud-cc/ocw/pkg/schema/validate.go:246.2,246.22 1 23
github.com/uncloud-cc/ocw/pkg/schema/validate.go:246.22,248.3 1 0
github.com/uncloud-cc/ocw/pkg/schema/validate.go:251.2,251.44 1 23
github.com/uncloud-cc/ocw/pkg/schema/validate.go:251.44,253.3 1 0
github.com/uncloud-cc/ocw/pkg/schema/validate.go:256.2,256.24 1 23
github.com/uncloud-cc/ocw/pkg/schema/validate.go:256.24,257.42 1 0
github.com/uncloud-cc/ocw/pkg/schema/validate.go:257.42,259.60 2 0
github.com/uncloud-cc/ocw/pkg/schema/validate.go:259.60,261.5 1 0
github.com/uncloud-cc/ocw/pkg/schema/validate.go:262.4,262.74 1 0
github.com/uncloud-cc/ocw/pkg/schema/validate.go:262.74,264.5 1 0
github.com/uncloud-cc/ocw/pkg/schema/validate.go:266.4,266.134 1 0
github.com/uncloud-cc/ocw/pkg/schema/validate.go:266.134,268.5 1 0
github.com/uncloud-cc/ocw/pkg/schema/validate.go:273.56,275.21 1 1
github.com/uncloud-cc/ocw/pkg/schema/validate.go:275.21,277.3 1 1
github.com/uncloud-cc/ocw/pkg/schema/validate.go:280.2,280.19 1 1
github.com/uncloud-cc/ocw/pkg/schema/validate.go:280.19,282.3 1 0
github.com/uncloud-cc/ocw/pkg/schema/validate.go:285.2,285.28 1 1
github.com/uncloud-cc/ocw/pkg/schema/validate.go:285.28,287.3 1 0
github.com/uncloud-cc/ocw/pkg/schema/validate.go:290.62,292.19 1 0
github.com/uncloud-cc/ocw/pkg/schema/validate.go:292.19,294.3 1 0
github.com/uncloud-cc/ocw/pkg/schema/validate.go:296.2,296.29 1 0
github.com/uncloud-cc/ocw/pkg/schema/validate.go:296.29,298.3 1 0
github.com/uncloud-cc/ocw/pkg/schema/validate.go:300.2,300.34 1 0
github.com/uncloud-cc/ocw/pkg/schema/validate.go:300.34,304.3 3 0
github.com/uncloud-cc/ocw/pkg/schema/validate.go:307.62,309.19 1 0
github.com/uncloud-cc/ocw/pkg/schema/validate.go:309.19,311.3 1 0
github.com/uncloud-cc/ocw/pkg/schema/validate.go:313.2,313.29 1 0
github.com/uncloud-cc/ocw/pkg/schema/validate.go:313.29,315.3 1 0
github.com/uncloud-cc/ocw/pkg/schema/validate.go:317.2,317.34 1 0
github.com/uncloud-cc/ocw/pkg/schema/validate.go:317.34,321.3 3 0
github.com/uncloud-cc/ocw/pkg/schema/validate.go:324.62,325.30 1 0
github.com/uncloud-cc/ocw/pkg/schema/validate.go:325.30,327.3 1 0
github.com/uncloud-cc/ocw/pkg/schema/validate.go:330.2,330.34 1 0
github.com/uncloud-cc/ocw/pkg/schema/validate.go:330.34,333.48 1 0
github.com/uncloud-cc/ocw/pkg/schema/validate.go:333.48,335.4 1 0
github.com/uncloud-cc/ocw/pkg/schema/validate.go:336.3,338.44 1 0
github.com/uncloud-cc/ocw/pkg/schema/validate.go:338.44,340.4 1 0
github.com/uncloud-cc/ocw/pkg/schema/validate.go:344.58,346.19 1 0
github.com/uncloud-cc/ocw/pkg/schema/validate.go:346.19,348.3 1 0
github.com/uncloud-cc/ocw/pkg/schema/validate.go:350.2,350.23 1 0
github.com/uncloud-cc/ocw/pkg/schema/validate.go:350.23,352.3 1 0
github.com/uncloud-cc/ocw/pkg/schema/validate.go:354.2,354.25 1 0
github.com/uncloud-cc/ocw/pkg/schema/validate.go:354.25,356.3 1 0
github.com/uncloud-cc/ocw/pkg/schema/validate.go:358.2,358.45 1 0
github.com/uncloud-cc/ocw/pkg/schema/validate.go:358.45,362.3 3 0
github.com/uncloud-cc/ocw/pkg/schema/validate.go:364.2,364.25 1 0
github.com/uncloud-cc/ocw/pkg/schema/validate.go:364.25,368.3 3 0
github.com/uncloud-cc/ocw/pkg/schema/validate.go:371.116,372.44 1 0
github.com/uncloud-cc/ocw/pkg/schema/validate.go:372.44,374.3 1 0
github.com/uncloud-cc/ocw/pkg/schema/validate.go:376.2,376.21 1 0
github.com/uncloud-cc/ocw/pkg/schema/validate.go:376.21,378.3 1 0
github.com/uncloud-cc/ocw/pkg/schema/validate.go:380.2,380.41 1 0
github.com/uncloud-cc/ocw/pkg/schema/validate.go:380.41,384.3 3 0
github.com/uncloud-cc/ocw/pkg/schema/validate.go:386.2,386.24 1 0
github.com/uncloud-cc/ocw/pkg/schema/validate.go:386.24,390.3 3 0
github.com/uncloud-cc/ocw/pkg/schema/validate.go:393.59,394.23 1 0
github.com/uncloud-cc/ocw/pkg/schema/validate.go:394.23,396.3 1 0
github.com/uncloud-cc/ocw/pkg/schema/validate.go:396.8,396.32 1 0
github.com/uncloud-cc/ocw/pkg/schema/validate.go:396.32,397.34 1 0
github.com/uncloud-cc/ocw/pkg/schema/validate.go:397.34,401.4 3 0
github.com/uncloud-cc/ocw/pkg/schema/validate.go:402.8,404.3 1 0
github.com/uncloud-cc/ocw/pkg/schema/validate.go:408.50,410.16 2 0
github.com/uncloud-cc/ocw/pkg/schema/validate.go:410.16,412.3 1 0
github.com/uncloud-cc/ocw/pkg/schema/validate.go:414.2,414.39 1 0
github.com/uncloud-cc/ocw/pkg/schema/validate.go:414.39,416.3 1 0
github.com/uncloud-cc/ocw/pkg/schema/validate.go:418.2,418.17 1 0
github.com/uncloud-cc/ocw/pkg/schema/validate.go:422.54,424.16 2 0
github.com/uncloud-cc/ocw/pkg/schema/validate.go:424.16,426.3 1 0
github.com/uncloud-cc/ocw/pkg/schema/validate.go:428.2,428.39 1 0
github.com/uncloud-cc/ocw/pkg/schema/validate.go:428.39,430.3 1 0
github.com/uncloud-cc/ocw/pkg/schema/validate.go:432.2,432.17 1 0
github.com/uncloud-cc/ocw/pkg/schema/validate.go:436.40,439.2 2 0
github.com/uncloud-cc/ocw/pkg/schema/validate.go:442.54,444.25 2 0
github.com/uncloud-cc/ocw/pkg/schema/validate.go:444.25,446.3 1 0
github.com/uncloud-cc/ocw/pkg/schema/validate.go:447.2,447.12 1 0
github.com/uncloud-cc/ocw/pkg/schema/volumes.go:53.77,56.43 2 5
github.com/uncloud-cc/ocw/pkg/schema/volumes.go:56.43,59.3 2 1
github.com/uncloud-cc/ocw/pkg/schema/volumes.go:62.2,63.44 2 4
github.com/uncloud-cc/ocw/pkg/schema/volumes.go:63.44,65.29 2 2
github.com/uncloud-cc/ocw/pkg/schema/volumes.go:65.29,67.4 1 3
github.com/uncloud-cc/ocw/pkg/schema/volumes.go:68.3,69.13 2 2
github.com/uncloud-cc/ocw/pkg/schema/volumes.go:73.2,74.41 2 2
github.com/uncloud-cc/ocw/pkg/schema/volumes.go:74.41,76.3 1 0
github.com/uncloud-cc/ocw/pkg/schema/volumes.go:77.2,78.12 2 2
github.com/uncloud-cc/ocw/pkg/schema/volumes.go:82.56,83.17 1 6
github.com/uncloud-cc/ocw/pkg/schema/volumes.go:83.17,85.3 1 1
github.com/uncloud-cc/ocw/pkg/schema/volumes.go:88.2,89.24 2 5
github.com/uncloud-cc/ocw/pkg/schema/volumes.go:89.24,90.49 1 7
github.com/uncloud-cc/ocw/pkg/schema/volumes.go:90.49,92.9 2 3
github.com/uncloud-cc/ocw/pkg/schema/volumes.go:96.2,96.15 1 5
github.com/uncloud-cc/ocw/pkg/schema/volumes.go:96.15,97.18 1 2
github.com/uncloud-cc/ocw/pkg/schema/volumes.go:97.18,99.4 1 1
github.com/uncloud-cc/ocw/pkg/schema/volumes.go:100.3,101.25 2 1
github.com/uncloud-cc/ocw/pkg/schema/volumes.go:101.25,103.4 1 2
github.com/uncloud-cc/ocw/pkg/schema/volumes.go:104.3,104.20 1 1
github.com/uncloud-cc/ocw/pkg/schema/volumes.go:107.2,107.28 1 3
github.com/uncloud-cc/ocw/pkg/schema/watch.go:37.72,40.38 2 5
github.com/uncloud-cc/ocw/pkg/schema/watch.go:40.38,43.3 2 2
github.com/uncloud-cc/ocw/pkg/schema/watch.go:46.2,47.38 2 3
github.com/uncloud-cc/ocw/pkg/schema/watch.go:47.38,50.3 2 1
github.com/uncloud-cc/ocw/pkg/schema/watch.go:53.2,54.39 2 2
github.com/uncloud-cc/ocw/pkg/schema/watch.go:54.39,57.3 2 1
github.com/uncloud-cc/ocw/pkg/schema/watch.go:60.2,61.38 2 1
github.com/uncloud-cc/ocw/pkg/schema/watch.go:61.38,64.3 2 1
github.com/uncloud-cc/ocw/pkg/schema/watch.go:66.2,66.12 1 0
github.com/uncloud-cc/ocw/pkg/schema/watch.go:70.51,71.19 1 4
github.com/uncloud-cc/ocw/pkg/schema/watch.go:71.19,73.3 1 2
github.com/uncloud-cc/ocw/pkg/schema/watch.go:74.2,74.21 1 2
github.com/uncloud-cc/ocw/pkg/schema/watch.go:74.21,76.3 1 1
github.com/uncloud-cc/ocw/pkg/schema/watch.go:77.2,77.22 1 1
github.com/uncloud-cc/ocw/pkg/schema/watch.go:77.22,79.3 1 1
github.com/uncloud-cc/ocw/pkg/schema/watch.go:80.2,80.21 1 0
github.com/uncloud-cc/ocw/pkg/schema/watch.go:80.21,82.3 1 0
github.com/uncloud-cc/ocw/pkg/schema/watch.go:83.2,83.17 1 0
github.com/uncloud-cc/ocw/pkg/schema/watch.go:87.34,88.14 1 7
github.com/uncloud-cc/ocw/pkg/schema/watch.go:88.14,90.3 1 1
github.com/uncloud-cc/ocw/pkg/schema/watch.go:91.2,91.19 1 6
github.com/uncloud-cc/ocw/pkg/schema/watch.go:91.19,93.3 1 2
github.com/uncloud-cc/ocw/pkg/schema/watch.go:95.2,95.63 1 4
github.com/uncloud-cc/ocw/pkg/schema/watch.go:99.37,100.14 1 6
github.com/uncloud-cc/ocw/pkg/schema/watch.go:100.14,102.3 1 1
github.com/uncloud-cc/ocw/pkg/schema/watch.go:103.2,103.21 1 5
github.com/uncloud-cc/ocw/pkg/schema/watch.go:103.21,105.3 1 1
github.com/uncloud-cc/ocw/pkg/schema/watch.go:106.2,106.22 1 4
github.com/uncloud-cc/ocw/pkg/schema/watch.go:106.22,108.3 1 1
github.com/uncloud-cc/ocw/pkg/schema/watch.go:109.2,109.21 1 3
github.com/uncloud-cc/ocw/pkg/schema/watch.go:109.21,111.3 1 2
github.com/uncloud-cc/ocw/pkg/schema/watch.go:112.2,112.12 1 1
github.com/uncloud-cc/ocw/pkg/schema/watch.go:116.37,117.56 1 5
github.com/uncloud-cc/ocw/pkg/schema/watch.go:117.56,119.3 1 2
github.com/uncloud-cc/ocw/pkg/schema/watch.go:120.2,120.31 1 3
github.com/uncloud-cc/ocw/pkg/schema/watch.go:124.43,125.65 1 5
github.com/uncloud-cc/ocw/pkg/schema/watch.go:125.65,127.3 1 2
github.com/uncloud-cc/ocw/pkg/schema/watch.go:128.2,128.13 1 3
github.com/uncloud-cc/ocw/pkg/schema/watch.go:132.46,133.68 1 4
github.com/uncloud-cc/ocw/pkg/schema/watch.go:133.68,135.3 1 2
github.com/uncloud-cc/ocw/pkg/schema/watch.go:136.2,136.13 1 2
github.com/uncloud-cc/ocw/pkg/schema/watch.go:140.46,141.33 1 4
github.com/uncloud-cc/ocw/pkg/schema/watch.go:141.33,143.3 1 2
github.com/uncloud-cc/ocw/pkg/schema/watch.go:144.2,144.12 1 2
github.com/uncloud-cc/ocw/pkg/runner/cleanup.go:12.48,14.23 1 0
github.com/uncloud-cc/ocw/pkg/runner/cleanup.go:14.23,16.3 1 0
github.com/uncloud-cc/ocw/pkg/runner/cleanup.go:18.2,24.26 6 0
github.com/uncloud-cc/ocw/pkg/runner/cleanup.go:24.26,28.3 2 0
github.com/uncloud-cc/ocw/pkg/runner/cleanup.go:30.2,32.34 3 0
github.com/uncloud-cc/ocw/pkg/runner/cleanup.go:32.34,33.59 1 0
github.com/uncloud-cc/ocw/pkg/runner/cleanup.go:33.59,35.4 1 0
github.com/uncloud-cc/ocw/pkg/runner/cleanup.go:36.3,36.61 1 0
github.com/uncloud-cc/ocw/pkg/runner/cleanup.go:36.61,38.4 1 0
github.com/uncloud-cc/ocw/pkg/runner/cleanup.go:42.2,42.20 1 0
github.com/uncloud-cc/ocw/pkg/runner/cleanup.go:46.35,47.25 1 0
github.com/uncloud-cc/ocw/pkg/runner/cleanup.go:47.25,49.3 1 0
github.com/uncloud-cc/ocw/pkg/runner/cleanup.go:51.2,51.84 1 0
github.com/uncloud-cc/ocw/pkg/runner/cleanup.go:51.84,53.3 1 0
github.com/uncloud-cc/ocw/pkg/runner/cleanup.go:54.2,54.20 1 0
github.com/uncloud-cc/ocw/pkg/runner/cleanup.go:58.37,67.2 5 0
github.com/uncloud-cc/ocw/pkg/runner/cleanup.go:70.49,74.2 3 0
github.com/uncloud-cc/ocw/pkg/runner/colors.go:57.26,61.2 1 1
github.com/uncloud-cc/ocw/pkg/runner/colors.go:64.29,66.43 1 1
github.com/uncloud-cc/ocw/pkg/runner/colors.go:66.43,68.3 1 1
github.com/uncloud-cc/ocw/pkg/runner/colors.go:72.2,72.74 1 0
github.com/uncloud-cc/ocw/pkg/runner/colors.go:72.74,74.3 1 0
github.com/uncloud-cc/ocw/pkg/runner/colors.go:77.2,77.33 1 0
github.com/uncloud-cc/ocw/pkg/runner/colors.go:77.33,79.3 1 0
github.com/uncloud-cc/ocw/pkg/runner/colors.go:82.2,82.36 1 0
github.com/uncloud-cc/ocw/pkg/runner/colors.go:82.36,84.3 1 0
github.com/uncloud-cc/ocw/pkg/runner/colors.go:86.2,86.13 1 0
github.com/uncloud-cc/ocw/pkg/runner/colors.go:90.51,91.16 1 0
github.com/uncloud-cc/ocw/pkg/runner/colors.go:91.16,93.3 1 0
github.com/uncloud-cc/ocw/pkg/runner/colors.go:94.2,94.29 1 0
github.com/uncloud-cc/ocw/pkg/runner/colors.go:98.45,100.2 1 0
github.com/uncloud-cc/ocw/pkg/runner/colors.go:103.48,105.2 1 0
github.com/uncloud-cc/ocw/pkg/runner/colors.go:108.49,110.2 1 0
github.com/uncloud-cc/ocw/pkg/runner/colors.go:113.47,115.2 1 0
github.com/uncloud-cc/ocw/pkg/runner/colors.go:118.46,120.2 1 0
github.com/uncloud-cc/ocw/pkg/runner/colors.go:123.44,125.2 1 0
github.com/uncloud-cc/ocw/pkg/runner/colors.go:128.46,130.2 1 0
github.com/uncloud-cc/ocw/pkg/runner/colors.go:133.43,135.2 1 0
github.com/uncloud-cc/ocw/pkg/runner/colors.go:138.42,140.2 1 0
github.com/uncloud-cc/ocw/pkg/runner/colors.go:143.44,145.2 1 0
github.com/uncloud-cc/ocw/pkg/runner/colors.go:148.44,150.2 1 0
github.com/uncloud-cc/ocw/pkg/runner/colors.go:153.46,155.2 1 0
github.com/uncloud-cc/ocw/pkg/runner/colors.go:158.48,160.2 1 0
github.com/uncloud-cc/ocw/pkg/runner/colors.go:163.50,165.2 1 0
github.com/uncloud-cc/ocw/pkg/runner/colors.go:168.43,170.2 1 0
github.com/uncloud-cc/ocw/pkg/runner/colors.go:173.55,174.16 1 0
github.com/uncloud-cc/ocw/pkg/runner/colors.go:174.16,175.17 1 0
github.com/uncloud-cc/ocw/pkg/runner/colors.go:176.28,177.17 1 0
github.com/uncloud-cc/ocw/pkg/runner/colors.go:178.25,179.19 1 0
github.com/uncloud-cc/ocw/pkg/runner/colors.go:180.26,181.17 1 0
github.com/uncloud-cc/ocw/pkg/runner/colors.go:182.26,183.19 1 0
github.com/uncloud-cc/ocw/pkg/runner/colors.go:184.11,185.17 1 0
github.com/uncloud-cc/ocw/pkg/runner/colors.go:189.2,189.16 1 0
github.com/uncloud-cc/ocw/pkg/runner/colors.go:190.27,191.31 1 0
github.com/uncloud-cc/ocw/pkg/runner/colors.go:192.24,193.29 1 0
github.com/uncloud-cc/ocw/pkg/runner/colors.go:194.25,195.30 1 0
github.com/uncloud-cc/ocw/pkg/runner/colors.go:196.25,197.29 1 0
github.com/uncloud-cc/ocw/pkg/runner/colors.go:198.10,199.29 1 0
github.com/uncloud-cc/ocw/pkg/runner/colors.go:204.44,205.16 1 0
github.com/uncloud-cc/ocw/pkg/runner/colors.go:205.16,207.3 1 0
github.com/uncloud-cc/ocw/pkg/runner/colors.go:208.2,208.44 1 0
github.com/uncloud-cc/ocw/pkg/runner/colors.go:212.52,215.29 3 0
github.com/uncloud-cc/ocw/pkg/runner/colors.go:215.29,216.25 1 0
github.com/uncloud-cc/ocw/pkg/runner/colors.go:216.25,218.4 1 0
github.com/uncloud-cc/ocw/pkg/runner/colors.go:221.2,222.16 2 0
github.com/uncloud-cc/ocw/pkg/runner/colors.go:222.16,224.3 1 0
github.com/uncloud-cc/ocw/pkg/runner/colors.go:226.2,236.29 7 0
github.com/uncloud-cc/ocw/pkg/runner/colors.go:236.29,237.17 1 0
github.com/uncloud-cc/ocw/pkg/runner/colors.go:237.17,238.12 1 0
github.com/uncloud-cc/ocw/pkg/runner/colors.go:240.3,244.23 5 0
github.com/uncloud-cc/ocw/pkg/runner/colors.go:248.2,253.20 5 0
github.com/uncloud-cc/ocw/pkg/runner/colors.go:257.81,270.32 9 0
github.com/uncloud-cc/ocw/pkg/runner/colors.go:270.32,275.3 4 0
github.com/uncloud-cc/ocw/pkg/runner/colors.go:277.2,277.20 1 0
github.com/uncloud-cc/ocw/pkg/runner/colors.go:281.65,282.13 1 0
github.com/uncloud-cc/ocw/pkg/runner/colors.go:282.13,284.3 1 0
github.com/uncloud-cc/ocw/pkg/runner/colors.go:285.2,285.88 1 0
github.com/uncloud-cc/ocw/pkg/runner/colors.go:289.75,297.24 7 0
github.com/uncloud-cc/ocw/pkg/runner/colors.go:297.24,301.3 3 0
github.com/uncloud-cc/ocw/pkg/runner/colors.go:302.2,302.23 1 0
github.com/uncloud-cc/ocw/pkg/runner/colors.go:302.23,306.22 3 0
github.com/uncloud-cc/ocw/pkg/runner/colors.go:306.22,308.4 1 0
github.com/uncloud-cc/ocw/pkg/runner/colors.go:310.3,312.23 3 0
github.com/uncloud-cc/ocw/pkg/runner/colors.go:314.2,317.20 3 0
github.com/uncloud-cc/ocw/pkg/runner/colors.go:321.77,322.23 1 0
github.com/uncloud-cc/ocw/pkg/runner/colors.go:322.23,324.3 1 0
github.com/uncloud-cc/ocw/pkg/runner/colors.go:326.2,334.34 7 0
github.com/uncloud-cc/ocw/pkg/runner/colors.go:334.34,340.3 5 0
github.com/uncloud-cc/ocw/pkg/runner/colors.go:342.2,342.20 1 0
github.com/uncloud-cc/ocw/pkg/runner/colors.go:346.37,347.16 1 0
github.com/uncloud-cc/ocw/pkg/runner/colors.go:347.16,349.3 1 0
github.com/uncloud-cc/ocw/pkg/runner/colors.go:350.2,350.24 1 0
github.com/uncloud-cc/ocw/pkg/runner/colors.go:354.52,356.2 1 0
github.com/uncloud-cc/ocw/pkg/runner/colors.go:359.44,361.2 1 0
github.com/uncloud-cc/ocw/pkg/runner/colors.go:364.89,371.13 5 0
github.com/uncloud-cc/ocw/pkg/runner/colors.go:371.13,373.3 1 0
github.com/uncloud-cc/ocw/pkg/runner/colors.go:373.8,375.3 1 0
github.com/uncloud-cc/ocw/pkg/runner/colors.go:377.2,383.20 6 0
github.com/uncloud-cc/ocw/pkg/runner/colors.go:387.64,392.2 1 0
github.com/uncloud-cc/ocw/pkg/runner/docker.go:27.82,29.2 1 17
github.com/uncloud-cc/ocw/pkg/runner/docker.go:32.57,34.36 2 17
github.com/uncloud-cc/ocw/pkg/runner/docker.go:34.36,35.19 1 15
github.com/uncloud-cc/ocw/pkg/runner/docker.go:35.19,37.4 1 13
github.com/uncloud-cc/ocw/pkg/runner/docker.go:39.2,39.15 1 17
github.com/uncloud-cc/ocw/pkg/runner/docker.go:42.60,49.6 3 11
github.com/uncloud-cc/ocw/pkg/runner/docker.go:49.6,51.17 2 20
github.com/uncloud-cc/ocw/pkg/runner/docker.go:51.17,54.9 2 11
github.com/uncloud-cc/ocw/pkg/runner/docker.go:57.3,59.25 3 9
github.com/uncloud-cc/ocw/pkg/runner/docker.go:62.2,62.15 1 11
github.com/uncloud-cc/ocw/pkg/runner/docker.go:66.33,67.25 1 3
github.com/uncloud-cc/ocw/pkg/runner/docker.go:67.25,73.3 5 2
github.com/uncloud-cc/ocw/pkg/runner/docker.go:95.86,97.37 1 0
github.com/uncloud-cc/ocw/pkg/runner/docker.go:97.37,100.3 1 0
github.com/uncloud-cc/ocw/pkg/runner/docker.go:102.2,103.18 2 0
github.com/uncloud-cc/ocw/pkg/runner/docker.go:103.18,105.3 1 0
github.com/uncloud-cc/ocw/pkg/runner/docker.go:107.2,114.34 5 0
github.com/uncloud-cc/ocw/pkg/runner/docker.go:114.34,116.3 1 0
github.com/uncloud-cc/ocw/pkg/runner/docker.go:118.2,118.12 1 0
github.com/uncloud-cc/ocw/pkg/runner/docker.go:122.72,125.2 2 0
github.com/uncloud-cc/ocw/pkg/runner/docker.go:128.71,131.2 2 0
github.com/uncloud-cc/ocw/pkg/runner/docker.go:141.37,144.16 3 3
github.com/uncloud-cc/ocw/pkg/runner/docker.go:144.16,146.3 1 0
github.com/uncloud-cc/ocw/pkg/runner/docker.go:147.2,148.13 2 3
github.com/uncloud-cc/ocw/pkg/runner/docker.go:154.56,156.36 1 2
github.com/uncloud-cc/ocw/pkg/runner/docker.go:156.36,158.3 1 2
github.com/uncloud-cc/ocw/pkg/runner/docker.go:161.2,162.16 2 0
github.com/uncloud-cc/ocw/pkg/runner/docker.go:162.16,164.3 1 0
github.com/uncloud-cc/ocw/pkg/runner/docker.go:165.2,168.23 3 0
github.com/uncloud-cc/ocw/pkg/runner/docker.go:172.99,174.2 1 3
github.com/uncloud-cc/ocw/pkg/runner/docker.go:177.47,179.2 1 1
github.com/uncloud-cc/ocw/pkg/runner/docker.go:182.52,185.2 2 2
github.com/uncloud-cc/ocw/pkg/runner/docker.go:188.73,189.15 1 0
github.com/uncloud-cc/ocw/pkg/runner/docker.go:189.15,191.3 1 0
github.com/uncloud-cc/ocw/pkg/runner/docker.go:194.2,194.35 1 0
github.com/uncloud-cc/ocw/pkg/runner/docker.go:194.35,197.3 2 0
github.com/uncloud-cc/ocw/pkg/runner/docker.go:199.2,200.15 2 0
github.com/uncloud-cc/ocw/pkg/runner/docker.go:200.15,202.3 1 0
github.com/uncloud-cc/ocw/pkg/runner/docker.go:205.2,213.15 7 0
github.com/uncloud-cc/ocw/pkg/runner/docker.go:213.15,215.3 1 0
github.com/uncloud-cc/ocw/pkg/runner/docker.go:216.2,216.34 1 0
github.com/uncloud-cc/ocw/pkg/runner/docker.go:216.34,220.3 3 0
github.com/uncloud-cc/ocw/pkg/runner/docker.go:221.2,221.15 1 0
github.com/uncloud-cc/ocw/pkg/runner/docker.go:221.15,223.3 1 0
github.com/uncloud-cc/ocw/pkg/runner/docker.go:225.2,227.12 3 0
github.com/uncloud-cc/ocw/pkg/runner/docker.go:261.84,264.15 2 0
github.com/uncloud-cc/ocw/pkg/runner/docker.go:264.15,266.3 1 0
github.com/uncloud-cc/ocw/pkg/runner/docker.go:270.2,270.22 1 0
github.com/uncloud-cc/ocw/pkg/runner/docker.go:270.22,272.3 1 0
github.com/uncloud-cc/ocw/pkg/runner/docker.go:275.2,276.44 2 0
github.com/uncloud-cc/ocw/pkg/runner/docker.go:276.44,278.3 1 0
github.com/uncloud-cc/ocw/pkg/runner/docker.go:281.2,281.66 1 0
github.com/uncloud-cc/ocw/pkg/runner/docker.go:281.66,282.17 1 0
github.com/uncloud-cc/ocw/pkg/runner/docker.go:282.17,284.17 1 0
github.com/uncloud-cc/ocw/pkg/runner/docker.go:284.17,286.5 1 0
github.com/uncloud-cc/ocw/pkg/runner/docker.go:287.4,287.72 1 0
github.com/uncloud-cc/ocw/pkg/runner/docker.go:287.72,289.5 1 0
github.com/uncloud-cc/ocw/pkg/runner/docker.go:290.9,290.55 1 0
github.com/uncloud-cc/ocw/pkg/runner/docker.go:290.55,292.17 1 0
github.com/uncloud-cc/ocw/pkg/runner/docker.go:292.17,294.5 1 0
github.com/uncloud-cc/ocw/pkg/runner/docker.go:295.4,296.64 2 0
github.com/uncloud-cc/ocw/pkg/runner/docker.go:296.64,298.5 1 0
github.com/uncloud-cc/ocw/pkg/runner/docker.go:303.2,303.25 1 0
github.com/uncloud-cc/ocw/pkg/runner/docker.go:303.25,305.3 1 0
github.com/uncloud-cc/ocw/pkg/runner/docker.go:308.2,308.24 1 0
github.com/uncloud-cc/ocw/pkg/runner/docker.go:308.24,310.16 2 0
github.com/uncloud-cc/ocw/pkg/runner/docker.go:310.16,312.4 1 0
github.com/uncloud-cc/ocw/pkg/runner/docker.go:316.2,316.25 1 0
github.com/uncloud-cc/ocw/pkg/runner/docker.go:316.25,319.25 2 0
github.com/uncloud-cc/ocw/pkg/runner/docker.go:319.25,321.4 1 0
github.com/uncloud-cc/ocw/pkg/runner/docker.go:325.2,325.21 1 0
github.com/uncloud-cc/ocw/pkg/runner/docker.go:325.21,327.16 2 0
github.com/uncloud-cc/ocw/pkg/runner/docker.go:327.16,329.4 1 0
github.com/uncloud-cc/ocw/pkg/runner/docker.go:333.2,333.39 1 0
github.com/uncloud-cc/ocw/pkg/runner/docker.go:333.39,335.16 2 0
github.com/uncloud-cc/ocw/pkg/runner/docker.go:335.16,337.4 1 0
github.com/uncloud-cc/ocw/pkg/runner/docker.go:341.2,341.14 1 0
github.com/uncloud-cc/ocw/pkg/runner/docker.go:341.14,343.3 1 0
github.com/uncloud-cc/ocw/pkg/runner/docker.go:346.2,346.36 1 0
github.com/uncloud-cc/ocw/pkg/runner/docker.go:346.36,348.3 1 0
github.com/uncloud-cc/ocw/pkg/runner/docker.go:349.2,349.35 1 0
github.com/uncloud-cc/ocw/pkg/runner/docker.go:349.35,351.3 1 0
github.com/uncloud-cc/ocw/pkg/runner/docker.go:354.2,354.24 1 0
github.com/uncloud-cc/ocw/pkg/runner/docker.go:354.24,356.3 1 0
github.com/uncloud-cc/ocw/pkg/runner/docker.go:359.2,359.28 1 0
github.com/uncloud-cc/ocw/pkg/runner/docker.go:359.28,361.17 2 0
github.com/uncloud-cc/ocw/pkg/runner/docker.go:361.17,363.4 1 0
github.com/uncloud-cc/ocw/pkg/runner/docker.go:364.3,365.16 2 0
github.com/uncloud-cc/ocw/pkg/runner/docker.go:365.16,367.4 1 0
github.com/uncloud-cc/ocw/pkg/runner/docker.go:371.2,371.42 1 0
github.com/uncloud-cc/ocw/pkg/runner/docker.go:371.42,373.21 2 0
github.com/uncloud-cc/ocw/pkg/runner/docker.go:373.21,375.4 1 0
github.com/uncloud-cc/ocw/pkg/runner/docker.go:376.3,380.16 2 0
github.com/uncloud-cc/ocw/pkg/runner/docker.go:380.16,382.4 1 0
github.com/uncloud-cc/ocw/pkg/runner/docker.go:386.2,386.27 1 0
github.com/uncloud-cc/ocw/pkg/runner/docker.go:386.27,388.16 2 0
github.com/uncloud-cc/ocw/pkg/runner/docker.go:388.16,390.4 1 0
github.com/uncloud-cc/ocw/pkg/runner/docker.go:394.2,397.20 2 0
github.com/uncloud-cc/ocw/pkg/runner/docker.go:397.20,399.16 2 0
github.com/uncloud-cc/ocw/pkg/runner/docker.go:399.16,401.4 1 0
github.com/uncloud-cc/ocw/pkg/runner/docker.go:402.8,402.31 1 0
github.com/uncloud-cc/ocw/pkg/runner/docker.go:402.31,404.16 2 0
github.com/uncloud-cc/ocw/pkg/runner/docker.go:404.16,406.4 1 0
github.com/uncloud-cc/ocw/pkg/runner/docker.go:409.2,409.15 1 0
github.com/uncloud-cc/ocw/pkg/runner/docker.go:409.15,411.3 1 0
github.com/uncloud-cc/ocw/pkg/runner/docker.go:414.2,421.22 7 0
github.com/uncloud-cc/ocw/pkg/runner/docker.go:421.22,423.3 1 0
github.com/uncloud-cc/ocw/pkg/runner/docker.go:425.2,425.15 1 0
github.com/uncloud-cc/ocw/pkg/runner/docker.go:425.15,427.3 1 0
github.com/uncloud-cc/ocw/pkg/runner/docker.go:428.2,428.34 1 0
github.com/uncloud-cc/ocw/pkg/runner/docker.go:428.34,432.47 3 0
github.com/uncloud-cc/ocw/pkg/runner/docker.go:432.47,434.4 1 0
github.com/uncloud-cc/ocw/pkg/runner/docker.go:435.3,435.56 1 0
github.com/uncloud-cc/ocw/pkg/runner/docker.go:437.2,437.15 1 0
github.com/uncloud-cc/ocw/pkg/runner/docker.go:437.15,439.3 1 0
github.com/uncloud-cc/ocw/pkg/runner/docker.go:442.2,446.48 3 0
github.com/uncloud-cc/ocw/pkg/runner/docker.go:446.48,448.80 2 0
github.com/uncloud-cc/ocw/pkg/runner/docker.go:448.80,456.4 3 0
github.com/uncloud-cc/ocw/pkg/runner/docker.go:457.3,457.60 1 0
github.com/uncloud-cc/ocw/pkg/runner/docker.go:458.8,458.28 1 0
github.com/uncloud-cc/ocw/pkg/runner/docker.go:458.28,463.48 2 0
github.com/uncloud-cc/ocw/pkg/runner/docker.go:463.48,469.4 3 0
github.com/uncloud-cc/ocw/pkg/runner/docker.go:470.3,470.60 1 0
github.com/uncloud-cc/ocw/pkg/runner/docker.go:473.2,473.12 1 0
github.com/uncloud-cc/ocw/pkg/runner/docker.go:477.105,479.19 2 0
github.com/uncloud-cc/ocw/pkg/runner/docker.go:479.19,481.3 1 0
github.com/uncloud-cc/ocw/pkg/runner/docker.go:483.2,484.18 2 0
github.com/uncloud-cc/ocw/pkg/runner/docker.go:484.18,486.3 1 0
github.com/uncloud-cc/ocw/pkg/runner/docker.go:488.2,489.18 2 0
github.com/uncloud-cc/ocw/pkg/runner/docker.go:489.18,491.3 1 0
github.com/uncloud-cc/ocw/pkg/runner/docker.go:493.2,494.21 2 0
github.com/uncloud-cc/ocw/pkg/runner/docker.go:494.21,496.10 2 0
github.com/uncloud-cc/ocw/pkg/runner/docker.go:497.34,497.34 0 0
github.com/uncloud-cc/ocw/pkg/runner/docker.go:498.21,499.20 1 0
github.com/uncloud-cc/ocw/pkg/runner/docker.go:503.2,503.31 1 0
github.com/uncloud-cc/ocw/pkg/runner/docker.go:503.31,504.10 1 0
github.com/uncloud-cc/ocw/pkg/runner/docker.go:505.21,506.20 1 0
github.com/uncloud-cc/ocw/pkg/runner/docker.go:507.11,507.11 0 0
github.com/uncloud-cc/ocw/pkg/runner/docker.go:511.3,511.48 1 0
github.com/uncloud-cc/ocw/pkg/runner/docker.go:511.48,514.4 2 0
github.com/uncloud-cc/ocw/pkg/runner/docker.go:517.3,522.17 5 0
github.com/uncloud-cc/ocw/pkg/runner/docker.go:522.17,524.4 1 0
github.com/uncloud-cc/ocw/pkg/runner/docker.go:526.3,528.10 2 0
github.com/uncloud-cc/ocw/pkg/runner/docker.go:529.31,529.31 0 0
github.com/uncloud-cc/ocw/pkg/runner/docker.go:530.21,531.20 1 0
github.com/uncloud-cc/ocw/pkg/runner/docker.go:535.2,535.69 1 0
github.com/uncloud-cc/ocw/pkg/runner/docker.go:539.85,542.16 3 0
github.com/uncloud-cc/ocw/pkg/runner/docker.go:542.16,544.3 1 0
github.com/uncloud-cc/ocw/pkg/runner/docker.go:545.2,545.52 1 0
github.com/uncloud-cc/ocw/pkg/runner/docker.go:549.105,552.16 3 0
github.com/uncloud-cc/ocw/pkg/runner/docker.go:552.16,554.3 1 0
github.com/uncloud-cc/ocw/pkg/runner/docker.go:555.2,555.28 1 0
github.com/uncloud-cc/ocw/pkg/runner/docker.go:559.81,562.2 2 0
github.com/uncloud-cc/ocw/pkg/runner/docker.go:565.83,568.2 2 0
github.com/uncloud-cc/ocw/pkg/runner/docker.go:571.82,575.2 3 0
github.com/uncloud-cc/ocw/pkg/runner/docker.go:578.91,579.44 1 0
github.com/uncloud-cc/ocw/pkg/runner/docker.go:579.44,581.3 1 0
github.com/uncloud-cc/ocw/pkg/runner/docker.go:583.2,586.46 2 0
github.com/uncloud-cc/ocw/pkg/runner/docker.go:586.46,587.61 1 0
github.com/uncloud-cc/ocw/pkg/runner/docker.go:587.61,589.4 1 0
github.com/uncloud-cc/ocw/pkg/runner/docker.go:593.2,593.62 1 0
github.com/uncloud-cc/ocw/pkg/runner/docker.go:593.62,595.3 1 0
github.com/uncloud-cc/ocw/pkg/runner/docker.go:597.2,597.12 1 0
github.com/uncloud-cc/ocw/pkg/runner/docker.go:613.90,614.15 1 0
github.com/uncloud-cc/ocw/pkg/runner/docker.go:614.15,616.3 1 0
github.com/uncloud-cc/ocw/pkg/runner/docker.go:625.2,626.23 2 0
github.com/uncloud-cc/ocw/pkg/runner/docker.go:626.23,628.3 1 0
github.com/uncloud-cc/ocw/pkg/runner/docker.go:631.2,632.49 2 0
github.com/uncloud-cc/ocw/pkg/runner/docker.go:632.49,635.3 1 0
github.com/uncloud-cc/ocw/pkg/runner/docker.go:635.8,635.130 1 0
github.com/uncloud-cc/ocw/pkg/runner/docker.go:635.130,638.3 1 0
github.com/uncloud-cc/ocw/pkg/runner/docker.go:638.8,641.3 1 0
github.com/uncloud-cc/ocw/pkg/runner/docker.go:644.2,645.16 2 0
github.com/uncloud-cc/ocw/pkg/runner/docker.go:645.16,647.3 1 0
github.com/uncloud-cc/ocw/pkg/runner/docker.go:649.2,649.15 1 0
github.com/uncloud-cc/ocw/pkg/runner/docker.go:649.15,651.3 1 0
github.com/uncloud-cc/ocw/pkg/runner/docker.go:654.2,654.59 1 0
github.com/uncloud-cc/ocw/pkg/runner/docker.go:654.59,656.3 1 0
github.com/uncloud-cc/ocw/pkg/runner/docker.go:659.2,663.15 3 0
github.com/uncloud-cc/ocw/pkg/runner/docker.go:663.15,665.3 1 0
github.com/uncloud-cc/ocw/pkg/runner/docker.go:668.2,668.32 1 0
github.com/uncloud-cc/ocw/pkg/runner/docker.go:668.32,670.16 2 0
github.com/uncloud-cc/ocw/pkg/runner/docker.go:670.16,672.4 1 0
github.com/uncloud-cc/ocw/pkg/runner/docker.go:676.2,676.27 1 0
github.com/uncloud-cc/ocw/pkg/runner/docker.go:676.27,685.110 3 0
github.com/uncloud-cc/ocw/pkg/runner/docker.go:685.110,688.4 1 0
github.com/uncloud-cc/ocw/pkg/runner/docker.go:688.9,688.60 1 0
github.com/uncloud-cc/ocw/pkg/runner/docker.go:688.60,691.4 1 0
github.com/uncloud-cc/ocw/pkg/runner/docker.go:691.9,691.140 1 0
github.com/uncloud-cc/ocw/pkg/runner/docker.go:691.140,694.4 1 0
github.com/uncloud-cc/ocw/pkg/runner/docker.go:694.9,697.4 1 0
github.com/uncloud-cc/ocw/pkg/runner/docker.go:699.3,700.16 2 0
github.com/uncloud-cc/ocw/pkg/runner/docker.go:700.16,702.4 1 0
github.com/uncloud-cc/ocw/pkg/runner/docker.go:706.2,706.23 1 0
github.com/uncloud-cc/ocw/pkg/runner/docker.go:706.23,708.16 2 0
github.com/uncloud-cc/ocw/pkg/runner/docker.go:708.16,710.4 1 0
github.com/uncloud-cc/ocw/pkg/runner/docker.go:714.2,714.42 1 0
github.com/uncloud-cc/ocw/pkg/runner/docker.go:714.42,716.3 1 0
github.com/uncloud-cc/ocw/pkg/runner/docker.go:717.2,717.41 1 0
github.com/uncloud-cc/ocw/pkg/runner/docker.go:717.41,719.3 1 0
github.com/uncloud-cc/ocw/pkg/runner/docker.go:725.2,727.15 2 0
github.com/uncloud-cc/ocw/pkg/runner/docker.go:727.15,729.3 1 0
github.com/uncloud-cc/ocw/pkg/runner/docker.go:732.2,740.15 7 0
github.com/uncloud-cc/ocw/pkg/runner/docker.go:740.15,742.3 1 0
github.com/uncloud-cc/ocw/pkg/runner/docker.go:743.2,743.34 1 0
github.com/uncloud-cc/ocw/pkg/runner/docker.go:743.34,747.3 3 0
github.com/uncloud-cc/ocw/pkg/runner/docker.go:748.2,748.15 1 0
github.com/uncloud-cc/ocw/pkg/runner/docker.go:748.15,750.3 1 0
github.com/uncloud-cc/ocw/pkg/runner/docker.go:752.2,756.28 4 0
github.com/uncloud-cc/ocw/pkg/runner/docker.go:760.84,763.16 3 0
github.com/uncloud-cc/ocw/pkg/runner/docker.go:763.16,765.3 1 0
github.com/uncloud-cc/ocw/pkg/runner/docker.go:766.2,766.47 1 0
github.com/uncloud-cc/ocw/pkg/runner/docker.go:770.74,771.15 1 0
github.com/uncloud-cc/ocw/pkg/runner/docker.go:771.15,773.3 1 0
github.com/uncloud-cc/ocw/pkg/runner/docker.go:774.2,776.15 3 0
github.com/uncloud-cc/ocw/pkg/runner/docker.go:776.15,777.13 1 0
github.com/uncloud-cc/ocw/pkg/runner/docker.go:777.13,779.4 1 0
github.com/uncloud-cc/ocw/pkg/runner/docker.go:779.9,781.4 1 0
github.com/uncloud-cc/ocw/pkg/runner/docker.go:783.2,783.15 1 0
github.com/uncloud-cc/ocw/pkg/runner/docker.go:787.50,789.35 2 4
github.com/uncloud-cc/ocw/pkg/runner/docker.go:789.35,790.19 1 5
github.com/uncloud-cc/ocw/pkg/runner/docker.go:790.19,792.4 1 4
github.com/uncloud-cc/ocw/pkg/runner/docker.go:794.2,794.15 1 4
github.com/uncloud-cc/ocw/pkg/runner/docker.go:798.78,802.16 3 0
github.com/uncloud-cc/ocw/pkg/runner/docker.go:802.16,804.3 1 0
github.com/uncloud-cc/ocw/pkg/runner/docker.go:805.2,806.16 2 0
github.com/uncloud-cc/ocw/pkg/runner/docker.go:806.16,808.3 1 0
github.com/uncloud-cc/ocw/pkg/runner/docker.go:810.2,810.36 1 0
github.com/uncloud-cc/ocw/pkg/runner/docker.go:810.36,812.3 1 0
github.com/uncloud-cc/ocw/pkg/runner/docker.go:814.2,814.12 1 0
github.com/uncloud-cc/ocw/pkg/runner/docker.go:814.12,816.22 2 0
github.com/uncloud-cc/ocw/pkg/runner/docker.go:816.22,818.4 1 0
github.com/uncloud-cc/ocw/pkg/runner/docker.go:821.2,821.12 1 0
github.com/uncloud-cc/ocw/pkg/runner/docker.go:821.12,823.22 2 0
github.com/uncloud-cc/ocw/pkg/runner/docker.go:823.22,825.4 1 0
github.com/uncloud-cc/ocw/pkg/runner/docker.go:828.2,828.19 1 0
github.com/uncloud-cc/ocw/pkg/runner/dotenv.go:21.54,24.2 2 0
github.com/uncloud-cc/ocw/pkg/runner/dotenv.go:30.51,36.41 2 11
github.com/uncloud-cc/ocw/pkg/runner/dotenv.go:36.41,37.25 1 1
github.com/uncloud-cc/ocw/pkg/runner/dotenv.go:37.25,40.4 1 1
github.com/uncloud-cc/ocw/pkg/runner/dotenv.go:41.3,41.18 1 0
github.com/uncloud-cc/ocw/pkg/runner/dotenv.go:44.2,44.46 1 10
github.com/uncloud-cc/ocw/pkg/runner/dotenv.go:44.46,46.3 1 0
github.com/uncloud-cc/ocw/pkg/runner/dotenv.go:48.2,48.20 1 10
github.com/uncloud-cc/ocw/pkg/runner/dotenv.go:52.46,54.16 2 10
github.com/uncloud-cc/ocw/pkg/runner/dotenv.go:54.16,56.3 1 0
github.com/uncloud-cc/ocw/pkg/runner/dotenv.go:57.2,62.21 4 10
github.com/uncloud-cc/ocw/pkg/runner/dotenv.go:62.21,70.49 4 23
github.com/uncloud-cc/ocw/pkg/runner/dotenv.go:70.49,71.12 1 4
github.com/uncloud-cc/ocw/pkg/runner/dotenv.go:75.3,75.41 1 19
github.com/uncloud-cc/ocw/pkg/runner/dotenv.go:75.41,78.4 2 1
github.com/uncloud-cc/ocw/pkg/runner/dotenv.go:81.3,82.16 2 19
github.com/uncloud-cc/ocw/pkg/runner/dotenv.go:82.16,84.12 1 1
github.com/uncloud-cc/ocw/pkg/runner/dotenv.go:87.3,93.16 4 18
github.com/uncloud-cc/ocw/pkg/runner/dotenv.go:93.16,95.4 1 18
github.com/uncloud-cc/ocw/pkg/runner/dotenv.go:98.2,98.22 1 10
github.com/uncloud-cc/ocw/pkg/runner/dotenv.go:103.36,107.54 2 30
github.com/uncloud-cc/ocw/pkg/runner/dotenv.go:107.54,115.3 6 7
github.com/uncloud-cc/ocw/pkg/runner/dotenv.go:118.2,118.56 1 23
github.com/uncloud-cc/ocw/pkg/runner/dotenv.go:118.56,120.3 1 4
github.com/uncloud-cc/ocw/pkg/runner/dotenv.go:122.2,122.10 1 19
github.com/uncloud-cc/ocw/pkg/runner/dotenv.go:126.41,128.2 1 3
github.com/uncloud-cc/ocw/pkg/runner/dotenv.go:131.39,134.2 2 3
github.com/uncloud-cc/ocw/pkg/runner/execution.go:14.72,15.9 1 0
github.com/uncloud-cc/ocw/pkg/runner/execution.go:16.27,17.41 1 0
github.com/uncloud-cc/ocw/pkg/runner/execution.go:18.29,19.45 1 0
github.com/uncloud-cc/ocw/pkg/runner/execution.go:20.32,21.51 1 0
github.com/uncloud-cc/ocw/pkg/runner/execution.go:22.32,23.51 1 0
github.com/uncloud-cc/ocw/pkg/runner/execution.go:24.32,25.51 1 0
github.com/uncloud-cc/ocw/pkg/runner/execution.go:26.30,27.47 1 0
github.com/uncloud-cc/ocw/pkg/runner/execution.go:28.10,29.41 1 0
github.com/uncloud-cc/ocw/pkg/runner/execution.go:34.78,36.16 2 0
github.com/uncloud-cc/ocw/pkg/runner/execution.go:36.16,38.3 1 0
github.com/uncloud-cc/ocw/pkg/runner/execution.go:42.2,43.64 2 0
github.com/uncloud-cc/ocw/pkg/runner/execution.go:43.64,45.3 1 0
github.com/uncloud-cc/ocw/pkg/runner/execution.go:49.2,50.106 2 0
github.com/uncloud-cc/ocw/pkg/runner/execution.go:50.106,54.21 2 0
github.com/uncloud-cc/ocw/pkg/runner/execution.go:54.21,59.19 3 0
github.com/uncloud-cc/ocw/pkg/runner/execution.go:59.19,61.5 1 0
github.com/uncloud-cc/ocw/pkg/runner/execution.go:65.2,70.16 4 0
github.com/uncloud-cc/ocw/pkg/runner/execution.go:70.16,72.3 1 0
github.com/uncloud-cc/ocw/pkg/runner/execution.go:73.2,77.15 3 0
github.com/uncloud-cc/ocw/pkg/runner/execution.go:77.15,79.17 2 0
github.com/uncloud-cc/ocw/pkg/runner/execution.go:79.17,81.4 1 0
github.com/uncloud-cc/ocw/pkg/runner/execution.go:82.3,82.48 1 0
github.com/uncloud-cc/ocw/pkg/runner/execution.go:86.2,87.22 2 0
github.com/uncloud-cc/ocw/pkg/runner/execution.go:87.22,89.17 2 0
github.com/uncloud-cc/ocw/pkg/runner/execution.go:89.17,91.4 1 0
github.com/uncloud-cc/ocw/pkg/runner/execution.go:95.2,96.16 2 0
github.com/uncloud-cc/ocw/pkg/runner/execution.go:96.16,98.3 1 0
github.com/uncloud-cc/ocw/pkg/runner/execution.go:101.2,102.19 2 0
github.com/uncloud-cc/ocw/pkg/runner/execution.go:102.19,104.17 2 0
github.com/uncloud-cc/ocw/pkg/runner/execution.go:104.17,106.4 1 0
github.com/uncloud-cc/ocw/pkg/runner/execution.go:107.3,107.49 1 0
github.com/uncloud-cc/ocw/pkg/runner/execution.go:111.2,112.20 2 0
github.com/uncloud-cc/ocw/pkg/runner/execution.go:112.20,114.17 2 0
github.com/uncloud-cc/ocw/pkg/runner/execution.go:114.17,116.4 1 0
github.com/uncloud-cc/ocw/pkg/runner/execution.go:120.2,121.18 2 0
github.com/uncloud-cc/ocw/pkg/runner/execution.go:121.18,123.17 2 0
github.com/uncloud-cc/ocw/pkg/runner/execution.go:123.17,125.4 1 0
github.com/uncloud-cc/ocw/pkg/runner/execution.go:129.2,130.16 2 0
github.com/uncloud-cc/ocw/pkg/runner/execution.go:130.16,132.3 1 0
github.com/uncloud-cc/ocw/pkg/runner/execution.go:133.2,137.55 3 0
github.com/uncloud-cc/ocw/pkg/runner/execution.go:137.55,139.3 1 0
github.com/uncloud-cc/ocw/pkg/runner/execution.go:140.2,145.38 3 0
github.com/uncloud-cc/ocw/pkg/runner/execution.go:145.38,147.3 1 0
github.com/uncloud-cc/ocw/pkg/runner/execution.go:148.2,148.24 1 0
github.com/uncloud-cc/ocw/pkg/runner/execution.go:148.24,149.29 1 0
github.com/uncloud-cc/ocw/pkg/runner/execution.go:149.29,150.38 1 0
github.com/uncloud-cc/ocw/pkg/runner/execution.go:150.38,152.19 2 0
github.com/uncloud-cc/ocw/pkg/runner/execution.go:152.19,154.6 1 0
github.com/uncloud-cc/ocw/pkg/runner/execution.go:155.5,155.31 1 0
github.com/uncloud-cc/ocw/pkg/runner/execution.go:157.9,157.38 1 0
github.com/uncloud-cc/ocw/pkg/runner/execution.go:157.38,158.40 1 0
github.com/uncloud-cc/ocw/pkg/runner/execution.go:158.40,160.24 2 0
github.com/uncloud-cc/ocw/pkg/runner/execution.go:160.24,162.20 2 0
github.com/uncloud-cc/ocw/pkg/runner/execution.go:162.20,164.7 1 0
github.com/uncloud-cc/ocw/pkg/runner/execution.go:165.6,165.39 1 0
github.com/uncloud-cc/ocw/pkg/runner/execution.go:172.2,173.19 2 0
github.com/uncloud-cc/ocw/pkg/runner/execution.go:173.19,175.3 1 0
github.com/uncloud-cc/ocw/pkg/runner/execution.go:182.2,185.16 3 0
github.com/uncloud-cc/ocw/pkg/runner/execution.go:185.16,186.20 1 0
github.com/uncloud-cc/ocw/pkg/runner/execution.go:186.20,191.4 3 0
github.com/uncloud-cc/ocw/pkg/runner/execution.go:191.9,191.41 1 0
github.com/uncloud-cc/ocw/pkg/runner/execution.go:191.41,193.29 1 0
github.com/uncloud-cc/ocw/pkg/runner/execution.go:193.29,197.5 3 0
github.com/uncloud-cc/ocw/pkg/runner/execution.go:197.10,199.52 1 0
github.com/uncloud-cc/ocw/pkg/runner/execution.go:199.52,205.6 4 0
github.com/uncloud-cc/ocw/pkg/runner/execution.go:205.11,209.6 1 0
github.com/uncloud-cc/ocw/pkg/runner/execution.go:211.9,215.4 2 0
github.com/uncloud-cc/ocw/pkg/runner/execution.go:219.2,220.29 2 0
github.com/uncloud-cc/ocw/pkg/runner/execution.go:220.29,223.17 2 0
github.com/uncloud-cc/ocw/pkg/runner/execution.go:223.17,225.4 1 0
github.com/uncloud-cc/ocw/pkg/runner/execution.go:226.3,233.31 2 0
github.com/uncloud-cc/ocw/pkg/runner/execution.go:233.31,235.4 1 0
github.com/uncloud-cc/ocw/pkg/runner/execution.go:239.2,241.24 3 0
github.com/uncloud-cc/ocw/pkg/runner/execution.go:241.24,242.40 1 0
github.com/uncloud-cc/ocw/pkg/runner/execution.go:242.40,245.18 2 0
github.com/uncloud-cc/ocw/pkg/runner/execution.go:245.18,247.5 1 0
github.com/uncloud-cc/ocw/pkg/runner/execution.go:249.4,265.37 3 0
github.com/uncloud-cc/ocw/pkg/runner/execution.go:265.37,267.5 1 0
github.com/uncloud-cc/ocw/pkg/runner/execution.go:267.10,269.5 1 0
github.com/uncloud-cc/ocw/pkg/runner/execution.go:274.2,275.18 2 0
github.com/uncloud-cc/ocw/pkg/runner/execution.go:275.18,278.3 1 0
github.com/uncloud-cc/ocw/pkg/runner/execution.go:281.2,282.16 2 0
github.com/uncloud-cc/ocw/pkg/runner/execution.go:282.16,284.3 1 0
github.com/uncloud-cc/ocw/pkg/runner/execution.go:287.2,312.57 7 0
github.com/uncloud-cc/ocw/pkg/runner/execution.go:312.57,314.3 1 0
github.com/uncloud-cc/ocw/pkg/runner/execution.go:315.2,318.39 2 0
github.com/uncloud-cc/ocw/pkg/runner/execution.go:318.39,320.3 1 0
github.com/uncloud-cc/ocw/pkg/runner/execution.go:323.2,323.63 1 0
github.com/uncloud-cc/ocw/pkg/runner/execution.go:323.63,338.58 3 0
github.com/uncloud-cc/ocw/pkg/runner/execution.go:338.58,340.4 1 0
github.com/uncloud-cc/ocw/pkg/runner/execution.go:340.9,342.4 1 0
github.com/uncloud-cc/ocw/pkg/runner/execution.go:346.2,346.34 1 0
github.com/uncloud-cc/ocw/pkg/runner/execution.go:346.34,348.3 1 0
github.com/uncloud-cc/ocw/pkg/runner/execution.go:351.2,351.33 1 0
github.com/uncloud-cc/ocw/pkg/runner/execution.go:351.33,352.52 1 0
github.com/uncloud-cc/ocw/pkg/runner/execution.go:352.52,354.4 1 0
github.com/uncloud-cc/ocw/pkg/runner/execution.go:357.2,358.12 2 0
github.com/uncloud-cc/ocw/pkg/runner/execution.go:362.82,364.16 2 0
github.com/uncloud-cc/ocw/pkg/runner/execution.go:364.16,366.3 1 0
github.com/uncloud-cc/ocw/pkg/runner/execution.go:369.2,370.16 2 0
github.com/uncloud-cc/ocw/pkg/runner/execution.go:370.16,372.3 1 0
github.com/uncloud-cc/ocw/pkg/runner/execution.go:375.2,376.19 2 0
github.com/uncloud-cc/ocw/pkg/runner/execution.go:376.19,378.17 2 0
github.com/uncloud-cc/ocw/pkg/runner/execution.go:378.17,380.4 1 0
github.com/uncloud-cc/ocw/pkg/runner/execution.go:384.2,385.22 2 0
github.com/uncloud-cc/ocw/pkg/runner/execution.go:385.22,387.17 2 0
github.com/uncloud-cc/ocw/pkg/runner/execution.go:387.17,389.4 1 0
github.com/uncloud-cc/ocw/pkg/runner/execution.go:393.2,394.18 2 0
github.com/uncloud-cc/ocw/pkg/runner/execution.go:394.18,396.17 2 0
github.com/uncloud-cc/ocw/pkg/runner/execution.go:396.17,398.4 1 0
github.com/uncloud-cc/ocw/pkg/runner/execution.go:402.2,411.41 7 0
github.com/uncloud-cc/ocw/pkg/runner/execution.go:411.41,413.17 2 0
github.com/uncloud-cc/ocw/pkg/runner/execution.go:413.17,415.4 1 0
github.com/uncloud-cc/ocw/pkg/runner/execution.go:416.3,416.35 1 0
github.com/uncloud-cc/ocw/pkg/runner/execution.go:418.2,422.16 3 0
github.com/uncloud-cc/ocw/pkg/runner/execution.go:422.16,424.3 1 0
github.com/uncloud-cc/ocw/pkg/runner/execution.go:427.2,428.16 2 0
github.com/uncloud-cc/ocw/pkg/runner/execution.go:428.16,430.3 1 0
github.com/uncloud-cc/ocw/pkg/runner/execution.go:431.2,447.16 5 0
github.com/uncloud-cc/ocw/pkg/runner/execution.go:447.16,449.3 1 0
github.com/uncloud-cc/ocw/pkg/runner/execution.go:450.2,454.19 2 0
github.com/uncloud-cc/ocw/pkg/runner/execution.go:454.19,464.3 6 0
github.com/uncloud-cc/ocw/pkg/runner/execution.go:466.2,467.12 2 0
github.com/uncloud-cc/ocw/pkg/runner/execution.go:475.88,478.34 2 0
github.com/uncloud-cc/ocw/pkg/runner/execution.go:478.34,481.3 2 0
github.com/uncloud-cc/ocw/pkg/runner/execution.go:484.2,485.12 2 0
github.com/uncloud-cc/ocw/pkg/runner/execution.go:489.78,495.23 4 0
github.com/uncloud-cc/ocw/pkg/runner/execution.go:495.23,497.30 2 0
github.com/uncloud-cc/ocw/pkg/runner/execution.go:497.30,499.47 2 0
github.com/uncloud-cc/ocw/pkg/runner/execution.go:499.47,501.5 1 0
github.com/uncloud-cc/ocw/pkg/runner/execution.go:505.2,510.25 4 0
github.com/uncloud-cc/ocw/pkg/runner/execution.go:510.25,512.3 1 0
github.com/uncloud-cc/ocw/pkg/runner/execution.go:514.2,514.19 1 0
github.com/uncloud-cc/ocw/pkg/runner/execution.go:514.19,516.3 1 0
github.com/uncloud-cc/ocw/pkg/runner/execution.go:518.2,518.12 1 0
github.com/uncloud-cc/ocw/pkg/runner/execution.go:522.78,525.23 2 0
github.com/uncloud-cc/ocw/pkg/runner/execution.go:525.23,526.51 1 0
github.com/uncloud-cc/ocw/pkg/runner/execution.go:526.51,528.4 1 0
github.com/uncloud-cc/ocw/pkg/runner/execution.go:531.2,531.12 1 0
github.com/uncloud-cc/ocw/pkg/runner/execution.go:535.144,538.16 2 0
github.com/uncloud-cc/ocw/pkg/runner/execution.go:538.16,540.3 1 0
github.com/uncloud-cc/ocw/pkg/runner/execution.go:542.2,546.9 3 0
github.com/uncloud-cc/ocw/pkg/runner/execution.go:546.9,547.25 1 0
github.com/uncloud-cc/ocw/pkg/runner/execution.go:547.25,550.4 2 0
github.com/uncloud-cc/ocw/pkg/runner/execution.go:551.3,552.13 2 0
github.com/uncloud-cc/ocw/pkg/runner/execution.go:555.2,556.42 2 0
github.com/uncloud-cc/ocw/pkg/runner/execution.go:560.85,561.23 1 0
github.com/uncloud-cc/ocw/pkg/runner/execution.go:561.23,563.3 1 0
github.com/uncloud-cc/ocw/pkg/runner/execution.go:564.2,564.30 1 0
github.com/uncloud-cc/ocw/pkg/runner/execution.go:564.30,565.58 1 0
github.com/uncloud-cc/ocw/pkg/runner/execution.go:565.58,567.4 1 0
github.com/uncloud-cc/ocw/pkg/runner/execution.go:569.2,569.12 1 0
github.com/uncloud-cc/ocw/pkg/runner/execution.go:573.88,575.16 2 0
github.com/uncloud-cc/ocw/pkg/runner/execution.go:575.16,577.3 1 0
github.com/uncloud-cc/ocw/pkg/runner/execution.go:578.2,579.42 2 0
github.com/uncloud-cc/ocw/pkg/runner/execution.go:583.88,585.16 2 0
github.com/uncloud-cc/ocw/pkg/runner/execution.go:585.16,587.3 1 0
github.com/uncloud-cc/ocw/pkg/runner/execution.go:588.2,589.42 2 0
github.com/uncloud-cc/ocw/pkg/runner/execution.go:593.84,595.16 2 0
github.com/uncloud-cc/ocw/pkg/runner/execution.go:595.16,597.3 1 0
github.com/uncloud-cc/ocw/pkg/runner/execution.go:598.2,599.63 2 0
github.com/uncloud-cc/ocw/pkg/runner/execution.go:603.84,604.23 1 0
github.com/uncloud-cc/ocw/pkg/runner/execution.go:604.23,606.82 2 0
github.com/uncloud-cc/ocw/pkg/runner/execution.go:606.82,608.4 1 0
github.com/uncloud-cc/ocw/pkg/runner/execution.go:610.3,610.31 1 0
github.com/uncloud-cc/ocw/pkg/runner/execution.go:610.31,612.4 1 0
github.com/uncloud-cc/ocw/pkg/runner/execution.go:613.3,613.31 1 0
github.com/uncloud-cc/ocw/pkg/runner/execution.go:613.31,615.4 1 0
github.com/uncloud-cc/ocw/pkg/runner/names.go:17.39,23.40 3 16
github.com/uncloud-cc/ocw/pkg/runner/names.go:23.40,25.3 1 4
github.com/uncloud-cc/ocw/pkg/runner/names.go:27.2,31.21 3 16
github.com/uncloud-cc/ocw/pkg/runner/names.go:31.21,33.3 1 2
github.com/uncloud-cc/ocw/pkg/runner/names.go:34.2,34.18 1 16
github.com/uncloud-cc/ocw/pkg/runner/reloader.go:45.44,54.2 2 0
github.com/uncloud-cc/ocw/pkg/runner/reloader.go:57.66,67.26 5 0
github.com/uncloud-cc/ocw/pkg/runner/reloader.go:67.26,69.23 2 0
github.com/uncloud-cc/ocw/pkg/runner/reloader.go:69.23,72.22 2 0
github.com/uncloud-cc/ocw/pkg/runner/reloader.go:72.22,81.5 1 0
github.com/uncloud-cc/ocw/pkg/runner/reloader.go:81.10,90.5 1 0
github.com/uncloud-cc/ocw/pkg/runner/reloader.go:96.2,99.33 2 0
github.com/uncloud-cc/ocw/pkg/runner/reloader.go:99.33,101.3 1 0
github.com/uncloud-cc/ocw/pkg/runner/reloader.go:104.2,104.28 1 0
github.com/uncloud-cc/ocw/pkg/runner/reloader.go:104.28,106.3 1 0
github.com/uncloud-cc/ocw/pkg/runner/reloader.go:106.8,109.3 1 0
github.com/uncloud-cc/ocw/pkg/runner/reloader.go:112.2,112.32 1 0
github.com/uncloud-cc/ocw/pkg/runner/reloader.go:112.32,114.3 1 0
github.com/uncloud-cc/ocw/pkg/runner/reloader.go:117.2,117.20 1 0
github.com/uncloud-cc/ocw/pkg/runner/reloader.go:117.20,125.3 1 0
github.com/uncloud-cc/ocw/pkg/runner/reloader.go:128.2,128.94 1 0
github.com/uncloud-cc/ocw/pkg/runner/reloader.go:128.94,130.3 1 0
github.com/uncloud-cc/ocw/pkg/runner/reloader.go:131.2,131.16 1 0
github.com/uncloud-cc/ocw/pkg/runner/reloader.go:131.16,133.3 1 0
github.com/uncloud-cc/ocw/pkg/runner/reloader.go:135.2,138.12 3 0
github.com/uncloud-cc/ocw/pkg/runner/reloader.go:142.73,144.9 2 0
github.com/uncloud-cc/ocw/pkg/runner/reloader.go:144.9,146.3 1 0
github.com/uncloud-cc/ocw/pkg/runner/reloader.go:149.2,150.22 2 0
github.com/uncloud-cc/ocw/pkg/runner/reloader.go:150.22,152.3 1 0
github.com/uncloud-cc/ocw/pkg/runner/reloader.go:154.2,154.19 1 0
github.com/uncloud-cc/ocw/pkg/runner/reloader.go:158.28,160.2 1 3
github.com/uncloud-cc/ocw/pkg/runner/reloader.go:164.100,165.22 1 0
github.com/uncloud-cc/ocw/pkg/runner/reloader.go:165.22,167.3 1 0
github.com/uncloud-cc/ocw/pkg/runner/reloader.go:170.2,172.30 3 0
github.com/uncloud-cc/ocw/pkg/runner/reloader.go:172.30,173.46 1 0
github.com/uncloud-cc/ocw/pkg/runner/reloader.go:173.46,174.79 1 0
github.com/uncloud-cc/ocw/pkg/runner/reloader.go:174.79,176.5 1 0
github.com/uncloud-cc/ocw/pkg/runner/reloader.go:181.2,181.37 1 0
github.com/uncloud-cc/ocw/pkg/runner/reloader.go:181.37,182.60 1 0
github.com/uncloud-cc/ocw/pkg/runner/reloader.go:182.60,186.4 2 0
github.com/uncloud-cc/ocw/pkg/runner/reloader.go:189.2,189.22 1 0
github.com/uncloud-cc/ocw/pkg/runner/reloader.go:195.68,200.13 4 0
github.com/uncloud-cc/ocw/pkg/runner/reloader.go:200.13,202.3 1 0
github.com/uncloud-cc/ocw/pkg/runner/reloader.go:204.2,207.18 2 0
github.com/uncloud-cc/ocw/pkg/runner/reloader.go:207.18,210.29 2 0
github.com/uncloud-cc/ocw/pkg/runner/reloader.go:210.29,212.4 1 0
github.com/uncloud-cc/ocw/pkg/runner/reloader.go:213.3,215.24 3 0
github.com/uncloud-cc/ocw/pkg/runner/reloader.go:215.24,217.4 1 0
github.com/uncloud-cc/ocw/pkg/runner/reloader.go:218.3,219.9 2 0
github.com/uncloud-cc/ocw/pkg/runner/reloader.go:222.2,226.23 4 0
github.com/uncloud-cc/ocw/pkg/runner/reloader.go:226.23,228.3 1 0
github.com/uncloud-cc/ocw/pkg/runner/reloader.go:229.2,231.17 2 0
github.com/uncloud-cc/ocw/pkg/runner/reloader.go:235.49,238.15 2 0
github.com/uncloud-cc/ocw/pkg/runner/reloader.go:238.15,246.20 6 0
github.com/uncloud-cc/ocw/pkg/runner/reloader.go:246.20,248.4 1 0
github.com/uncloud-cc/ocw/pkg/runner/reloader.go:252.2,264.81 9 0
github.com/uncloud-cc/ocw/pkg/runner/reloader.go:264.82,266.3 0 0
github.com/uncloud-cc/ocw/pkg/runner/reloader.go:267.2,267.83 1 0
github.com/uncloud-cc/ocw/pkg/runner/reloader.go:267.84,269.3 0 0
github.com/uncloud-cc/ocw/pkg/runner/reloader.go:272.2,272.67 1 0
github.com/uncloud-cc/ocw/pkg/runner/reloader.go:272.67,273.53 1 0
github.com/uncloud-cc/ocw/pkg/runner/reloader.go:273.53,276.4 2 0
github.com/uncloud-cc/ocw/pkg/runner/reloader.go:277.3,278.155 2 0
github.com/uncloud-cc/ocw/pkg/runner/reloader.go:279.8,280.47 1 0
github.com/uncloud-cc/ocw/pkg/runner/reloader.go:280.47,283.4 2 0
github.com/uncloud-cc/ocw/pkg/runner/reloader.go:284.3,285.143 2 0
github.com/uncloud-cc/ocw/pkg/runner/reloader.go:290.86,296.13 4 0
github.com/uncloud-cc/ocw/pkg/runner/reloader.go:296.13,299.3 1 0
github.com/uncloud-cc/ocw/pkg/runner/reloader.go:301.2,315.16 4 0
github.com/uncloud-cc/ocw/pkg/runner/reloader.go:315.16,317.3 1 0
github.com/uncloud-cc/ocw/pkg/runner/reloader.go:320.2,327.30 4 0
github.com/uncloud-cc/ocw/pkg/runner/reloader.go:331.80,333.53 1 0
github.com/uncloud-cc/ocw/pkg/runner/reloader.go:333.53,336.3 1 0
github.com/uncloud-cc/ocw/pkg/runner/reloader.go:340.2,341.45 2 0
github.com/uncloud-cc/ocw/pkg/runner/reloader.go:341.45,343.3 1 0
github.com/uncloud-cc/ocw/pkg/runner/reloader.go:344.2,344.30 1 0
github.com/uncloud-cc/ocw/pkg/runner/reloader.go:344.30,345.35 1 0
github.com/uncloud-cc/ocw/pkg/runner/reloader.go:345.35,346.44 1 0
github.com/uncloud-cc/ocw/pkg/runner/reloader.go:346.44,349.5 2 0
github.com/uncloud-cc/ocw/pkg/runner/reloader.go:354.2,355.18 2 0
github.com/uncloud-cc/ocw/pkg/runner/reloader.go:355.18,357.3 1 0
github.com/uncloud-cc/ocw/pkg/runner/reloader.go:360.2,361.19 2 0
github.com/uncloud-cc/ocw/pkg/runner/reloader.go:361.19,363.3 1 0
github.com/uncloud-cc/ocw/pkg/runner/reloader.go:366.2,367.15 2 0
github.com/uncloud-cc/ocw/pkg/runner/reloader.go:367.15,369.3 1 0
github.com/uncloud-cc/ocw/pkg/runner/reloader.go:372.2,373.22 2 0
github.com/uncloud-cc/ocw/pkg/runner/reloader.go:373.22,375.3 1 0
github.com/uncloud-cc/ocw/pkg/runner/reloader.go:378.2,382.20 3 0
github.com/uncloud-cc/ocw/pkg/runner/reloader.go:382.20,386.3 1 0
github.com/uncloud-cc/ocw/pkg/runner/reloader.go:388.2,407.58 2 0
github.com/uncloud-cc/ocw/pkg/runner/reloader.go:407.58,410.3 1 0
github.com/uncloud-cc/ocw/pkg/runner/reloader.go:410.8,410.37 1 0
github.com/uncloud-cc/ocw/pkg/runner/reloader.go:410.37,412.46 1 0
github.com/uncloud-cc/ocw/pkg/runner/reloader.go:412.46,414.18 2 0
github.com/uncloud-cc/ocw/pkg/runner/reloader.go:414.18,416.5 1 0
github.com/uncloud-cc/ocw/pkg/runner/reloader.go:417.4,421.6 1 0
github.com/uncloud-cc/ocw/pkg/runner/reloader.go:426.2,426.35 1 0
github.com/uncloud-cc/ocw/pkg/runner/reloader.go:426.35,435.36 3 0
github.com/uncloud-cc/ocw/pkg/runner/reloader.go:435.36,437.4 1 0
github.com/uncloud-cc/ocw/pkg/runner/reloader.go:440.2,440.48 1 0
github.com/uncloud-cc/ocw/pkg/runner/reloader.go:444.27,450.37 4 0
github.com/uncloud-cc/ocw/pkg/runner/reloader.go:450.37,452.3 1 0
github.com/uncloud-cc/ocw/pkg/runner/runner.go:97.44,99.45 2 0
github.com/uncloud-cc/ocw/pkg/runner/runner.go:99.45,101.3 1 0
github.com/uncloud-cc/ocw/pkg/runner/runner.go:102.2,113.3 1 0
github.com/uncloud-cc/ocw/pkg/runner/runner.go:117.52,121.2 3 0
github.com/uncloud-cc/ocw/pkg/runner/runner.go:124.54,127.2 2 0
github.com/uncloud-cc/ocw/pkg/runner/runner.go:130.53,133.2 2 0
github.com/uncloud-cc/ocw/pkg/runner/runner.go:136.48,139.2 2 0
github.com/uncloud-cc/ocw/pkg/runner/runner.go:142.57,143.15 1 0
github.com/uncloud-cc/ocw/pkg/runner/runner.go:143.15,145.3 1 0
github.com/uncloud-cc/ocw/pkg/runner/runner.go:149.33,150.23 1 0
github.com/uncloud-cc/ocw/pkg/runner/runner.go:150.23,152.3 1 0
github.com/uncloud-cc/ocw/pkg/runner/runner.go:158.59,163.39 2 0
github.com/uncloud-cc/ocw/pkg/runner/runner.go:163.39,165.22 2 0
github.com/uncloud-cc/ocw/pkg/runner/runner.go:165.22,168.26 2 0
github.com/uncloud-cc/ocw/pkg/runner/runner.go:168.26,170.5 1 0
github.com/uncloud-cc/ocw/pkg/runner/runner.go:175.2,179.21 4 0
github.com/uncloud-cc/ocw/pkg/runner/runner.go:179.21,183.3 2 0
github.com/uncloud-cc/ocw/pkg/runner/runner.go:183.8,187.3 2 0
github.com/uncloud-cc/ocw/pkg/runner/runner.go:189.2,189.16 1 0
github.com/uncloud-cc/ocw/pkg/runner/runner.go:189.16,191.3 1 0
github.com/uncloud-cc/ocw/pkg/runner/runner.go:194.2,194.38 1 0
github.com/uncloud-cc/ocw/pkg/runner/runner.go:194.38,196.27 1 0
github.com/uncloud-cc/ocw/pkg/runner/runner.go:196.27,201.4 2 0
github.com/uncloud-cc/ocw/pkg/runner/runner.go:201.9,204.4 1 0
github.com/uncloud-cc/ocw/pkg/runner/runner.go:208.2,212.20 2 0
github.com/uncloud-cc/ocw/pkg/runner/runner.go:212.20,214.3 1 0
github.com/uncloud-cc/ocw/pkg/runner/runner.go:214.8,216.3 1 0
github.com/uncloud-cc/ocw/pkg/runner/runner.go:218.2,218.26 1 0
github.com/uncloud-cc/ocw/pkg/runner/runner.go:218.26,220.3 1 0
github.com/uncloud-cc/ocw/pkg/runner/runner.go:222.2,222.12 1 0
github.com/uncloud-cc/ocw/pkg/runner/runner.go:227.44,228.26 1 0
github.com/uncloud-cc/ocw/pkg/runner/runner.go:228.26,230.3 1 0
github.com/uncloud-cc/ocw/pkg/runner/runner.go:233.2,234.16 2 0
github.com/uncloud-cc/ocw/pkg/runner/runner.go:234.16,236.3 1 0
github.com/uncloud-cc/ocw/pkg/runner/runner.go:239.2,239.46 1 0
github.com/uncloud-cc/ocw/pkg/runner/runner.go:239.46,241.3 1 0
github.com/uncloud-cc/ocw/pkg/runner/runner.go:243.2,243.12 1 0
github.com/uncloud-cc/ocw/pkg/runner/runner.go:247.63,251.2 3 0
github.com/uncloud-cc/ocw/pkg/runner/runner.go:254.62,259.2 4 0
github.com/uncloud-cc/ocw/pkg/runner/runner.go:262.59,266.2 3 0
github.com/uncloud-cc/ocw/pkg/runner/runner.go:269.78,276.2 2 0
github.com/uncloud-cc/ocw/pkg/runner/runner.go:279.64,280.23 1 0
github.com/uncloud-cc/ocw/pkg/runner/runner.go:280.23,282.3 1 0
github.com/uncloud-cc/ocw/pkg/runner/runner.go:285.2,286.38 2 0
github.com/uncloud-cc/ocw/pkg/runner/runner.go:286.38,288.17 2 0
github.com/uncloud-cc/ocw/pkg/runner/runner.go:288.17,290.12 2 0
github.com/uncloud-cc/ocw/pkg/runner/runner.go:293.3,293.21 1 0
github.com/uncloud-cc/ocw/pkg/runner/runner.go:293.21,295.4 1 0
github.com/uncloud-cc/ocw/pkg/runner/runner.go:296.3,296.35 1 0
github.com/uncloud-cc/ocw/pkg/runner/runner.go:299.2,300.12 2 0
github.com/uncloud-cc/ocw/pkg/runner/runner.go:304.58,306.40 2 0
github.com/uncloud-cc/ocw/pkg/runner/runner.go:306.40,307.19 1 0
github.com/uncloud-cc/ocw/pkg/runner/runner.go:307.19,309.4 1 0
github.com/uncloud-cc/ocw/pkg/runner/runner.go:311.2,311.15 1 0
github.com/uncloud-cc/ocw/pkg/runner/runner.go:315.38,317.2 1 0
github.com/uncloud-cc/ocw/pkg/runner/runner.go:320.43,323.2 2 0
github.com/uncloud-cc/ocw/pkg/runner/runner.go:326.38,328.42 2 0
github.com/uncloud-cc/ocw/pkg/runner/runner.go:328.42,330.3 1 0
github.com/uncloud-cc/ocw/pkg/runner/runner.go:334.58,336.2 1 0
github.com/uncloud-cc/ocw/pkg/runner/runner.go:339.56,343.16 3 0
github.com/uncloud-cc/ocw/pkg/runner/runner.go:343.16,344.25 1 0
github.com/uncloud-cc/ocw/pkg/runner/runner.go:344.25,347.4 1 0
github.com/uncloud-cc/ocw/pkg/runner/runner.go:348.3,348.60 1 0
github.com/uncloud-cc/ocw/pkg/runner/runner.go:350.2,354.21 4 0
github.com/uncloud-cc/ocw/pkg/runner/runner.go:354.21,359.49 3 0
github.com/uncloud-cc/ocw/pkg/runner/runner.go:359.49,360.12 1 0
github.com/uncloud-cc/ocw/pkg/runner/runner.go:364.3,365.16 2 0
github.com/uncloud-cc/ocw/pkg/runner/runner.go:365.16,367.12 2 0
github.com/uncloud-cc/ocw/pkg/runner/runner.go:370.3,373.16 3 0
github.com/uncloud-cc/ocw/pkg/runner/runner.go:373.16,375.12 2 0
github.com/uncloud-cc/ocw/pkg/runner/runner.go:378.3,379.126 2 0
github.com/uncloud-cc/ocw/pkg/runner/runner.go:382.2,382.38 1 0
github.com/uncloud-cc/ocw/pkg/runner/runner.go:382.38,384.3 1 0
github.com/uncloud-cc/ocw/pkg/runner/runner.go:386.2,386.12 1 0
github.com/uncloud-cc/ocw/pkg/runner/runner.go:390.66,407.46 9 0
github.com/uncloud-cc/ocw/pkg/runner/runner.go:407.46,409.3 1 0
github.com/uncloud-cc/ocw/pkg/runner/runner.go:412.2,421.45 4 0
github.com/uncloud-cc/ocw/pkg/runner/runner.go:421.45,423.3 1 0
github.com/uncloud-cc/ocw/pkg/runner/runner.go:426.2,427.24 2 0
github.com/uncloud-cc/ocw/pkg/runner/runner.go:427.24,429.3 1 0
github.com/uncloud-cc/ocw/pkg/runner/runner.go:430.2,431.62 2 0
github.com/uncloud-cc/ocw/pkg/runner/runner.go:431.62,433.3 1 0
github.com/uncloud-cc/ocw/pkg/runner/runner.go:434.2,437.26 2 0
github.com/uncloud-cc/ocw/pkg/runner/runner.go:437.26,439.55 2 0
github.com/uncloud-cc/ocw/pkg/runner/runner.go:439.55,441.4 1 0
github.com/uncloud-cc/ocw/pkg/runner/runner.go:444.2,449.18 5 0
github.com/uncloud-cc/ocw/pkg/runner/runner.go:450.18,451.41 1 0
github.com/uncloud-cc/ocw/pkg/runner/runner.go:452.18,453.41 1 0
github.com/uncloud-cc/ocw/pkg/runner/runner.go:454.16,455.61 1 0
github.com/uncloud-cc/ocw/pkg/runner/runner.go:456.10,457.96 1 0
github.com/uncloud-cc/ocw/pkg/runner/runner.go:461.2,464.16 2 0
github.com/uncloud-cc/ocw/pkg/runner/runner.go:464.16,466.3 1 0
github.com/uncloud-cc/ocw/pkg/runner/runner.go:468.2,473.47 4 0
github.com/uncloud-cc/ocw/pkg/runner/runner.go:473.47,475.3 1 0
github.com/uncloud-cc/ocw/pkg/runner/runner.go:477.2,477.12 1 0
github.com/uncloud-cc/ocw/pkg/runner/runner.go:481.85,493.16 7 0
github.com/uncloud-cc/ocw/pkg/runner/runner.go:493.16,495.3 1 0
github.com/uncloud-cc/ocw/pkg/runner/runner.go:497.2,498.20 2 0
github.com/uncloud-cc/ocw/pkg/runner/runner.go:498.20,500.3 1 0
github.com/uncloud-cc/ocw/pkg/runner/runner.go:503.2,508.46 4 0
github.com/uncloud-cc/ocw/pkg/runner/runner.go:508.46,510.3 1 0
github.com/uncloud-cc/ocw/pkg/runner/runner.go:513.2,527.45 5 0
github.com/uncloud-cc/ocw/pkg/runner/runner.go:527.45,529.3 1 0
github.com/uncloud-cc/ocw/pkg/runner/runner.go:532.2,533.57 2 0
github.com/uncloud-cc/ocw/pkg/runner/runner.go:533.57,535.3 1 0
github.com/uncloud-cc/ocw/pkg/runner/runner.go:536.2,539.26 2 0
github.com/uncloud-cc/ocw/pkg/runner/runner.go:539.26,541.55 2 0
github.com/uncloud-cc/ocw/pkg/runner/runner.go:541.55,543.4 1 0
github.com/uncloud-cc/ocw/pkg/runner/runner.go:547.2,550.47 2 0
github.com/uncloud-cc/ocw/pkg/runner/runner.go:550.47,554.3 3 0
github.com/uncloud-cc/ocw/pkg/runner/runner.go:556.2,561.18 5 0
github.com/uncloud-cc/ocw/pkg/runner/runner.go:562.18,563.41 1 0
github.com/uncloud-cc/ocw/pkg/runner/runner.go:564.18,565.41 1 0
github.com/uncloud-cc/ocw/pkg/runner/runner.go:566.16,567.61 1 0
github.com/uncloud-cc/ocw/pkg/runner/runner.go:568.14,569.33 1 0
github.com/uncloud-cc/ocw/pkg/runner/runner.go:570.10,571.54 1 0
github.com/uncloud-cc/ocw/pkg/runner/runner.go:575.2,578.16 2 0
github.com/uncloud-cc/ocw/pkg/runner/runner.go:578.16,580.3 1 0
github.com/uncloud-cc/ocw/pkg/runner/runner.go:582.2,587.47 4 0
github.com/uncloud-cc/ocw/pkg/runner/runner.go:587.47,589.3 1 0
github.com/uncloud-cc/ocw/pkg/runner/runner.go:591.2,591.12 1 0
github.com/uncloud-cc/ocw/pkg/runner/runner.go:597.37,599.15 2 6
github.com/uncloud-cc/ocw/pkg/runner/runner.go:599.15,601.3 1 2
github.com/uncloud-cc/ocw/pkg/runner/runner.go:602.2,602.37 1 4
github.com/uncloud-cc/ocw/pkg/runner/runner.go:606.36,607.30 1 12
github.com/uncloud-cc/ocw/pkg/runner/runner.go:607.30,608.16 1 51
github.com/uncloud-cc/ocw/pkg/runner/runner.go:608.16,610.4 1 8
github.com/uncloud-cc/ocw/pkg/runner/runner.go:612.2,612.11 1 4
github.com/uncloud-cc/ocw/pkg/runner/runner.go:617.40,618.38 1 17
github.com/uncloud-cc/ocw/pkg/runner/runner.go:618.38,620.3 1 2
github.com/uncloud-cc/ocw/pkg/runner/runner.go:622.2,622.41 1 15
github.com/uncloud-cc/ocw/pkg/runner/runner.go:622.41,624.3 1 3
github.com/uncloud-cc/ocw/pkg/runner/runner.go:626.2,626.33 1 12
github.com/uncloud-cc/ocw/pkg/runner/runner.go:626.33,628.70 2 107
github.com/uncloud-cc/ocw/pkg/runner/runner.go:628.70,630.4 1 5
github.com/uncloud-cc/ocw/pkg/runner/runner.go:633.2,633.30 1 7
github.com/uncloud-cc/ocw/pkg/runner/runner.go:633.30,635.3 1 1
github.com/uncloud-cc/ocw/pkg/runner/runner.go:636.2,636.13 1 6
github.com/uncloud-cc/ocw/pkg/runner/runner.go:640.70,641.13 1 9
github.com/uncloud-cc/ocw/pkg/runner/runner.go:641.13,643.3 1 1
github.com/uncloud-cc/ocw/pkg/runner/runner.go:644.2,645.16 2 8
github.com/uncloud-cc/ocw/pkg/runner/runner.go:645.16,647.3 1 2
github.com/uncloud-cc/ocw/pkg/runner/runner.go:648.2,648.10 1 6
github.com/uncloud-cc/ocw/pkg/runner/services.go:18.61,22.2 3 0
github.com/uncloud-cc/ocw/pkg/runner/services.go:25.41,31.24 5 0
github.com/uncloud-cc/ocw/pkg/runner/services.go:31.24,33.3 1 0
github.com/uncloud-cc/ocw/pkg/runner/services.go:35.2,41.31 6 0
github.com/uncloud-cc/ocw/pkg/runner/services.go:41.31,44.23 2 0
github.com/uncloud-cc/ocw/pkg/runner/services.go:45.15,46.58 1 0
github.com/uncloud-cc/ocw/pkg/runner/services.go:47.16,48.59 1 0
github.com/uncloud-cc/ocw/pkg/runner/services.go:49.11,51.51 1 0
github.com/uncloud-cc/ocw/pkg/runner/services.go:55.3,56.23 2 0
github.com/uncloud-cc/ocw/pkg/runner/services.go:56.23,58.4 1 0
github.com/uncloud-cc/ocw/pkg/runner/services.go:61.3,61.40 1 0
github.com/uncloud-cc/ocw/pkg/runner/services.go:61.40,63.4 1 0
github.com/uncloud-cc/ocw/pkg/runner/services.go:63.9,65.4 1 0
github.com/uncloud-cc/ocw/pkg/runner/template.go:41.44,46.2 1 32
github.com/uncloud-cc/ocw/pkg/runner/template.go:49.69,50.29 1 13
github.com/uncloud-cc/ocw/pkg/runner/template.go:50.29,52.3 1 8
github.com/uncloud-cc/ocw/pkg/runner/template.go:53.2,53.31 1 13
github.com/uncloud-cc/ocw/pkg/runner/template.go:57.77,58.38 1 17
github.com/uncloud-cc/ocw/pkg/runner/template.go:58.38,59.33 1 15
github.com/uncloud-cc/ocw/pkg/runner/template.go:59.33,61.4 1 14
github.com/uncloud-cc/ocw/pkg/runner/template.go:63.2,63.18 1 3
github.com/uncloud-cc/ocw/pkg/runner/template.go:71.66,74.78 2 32
github.com/uncloud-cc/ocw/pkg/runner/template.go:74.78,80.17 4 30
github.com/uncloud-cc/ocw/pkg/runner/template.go:80.17,83.4 2 9
github.com/uncloud-cc/ocw/pkg/runner/template.go:84.3,84.15 1 21
github.com/uncloud-cc/ocw/pkg/runner/template.go:87.2,87.24 1 32
github.com/uncloud-cc/ocw/pkg/runner/template.go:91.76,94.20 2 30
github.com/uncloud-cc/ocw/pkg/runner/template.go:94.20,96.3 1 4
github.com/uncloud-cc/ocw/pkg/runner/template.go:98.2,98.18 1 26
github.com/uncloud-cc/ocw/pkg/runner/template.go:99.15,101.21 1 11
github.com/uncloud-cc/ocw/pkg/runner/template.go:101.21,103.4 1 1
github.com/uncloud-cc/ocw/pkg/runner/template.go:104.3,106.59 3 10
github.com/uncloud-cc/ocw/pkg/runner/template.go:106.59,108.4 1 9
github.com/uncloud-cc/ocw/pkg/runner/template.go:109.3,109.81 1 1
github.com/uncloud-cc/ocw/pkg/runner/template.go:111.17,114.50 2 1
github.com/uncloud-cc/ocw/pkg/runner/template.go:114.50,116.4 1 1
github.com/uncloud-cc/ocw/pkg/runner/template.go:117.3,117.60 1 0
github.com/uncloud-cc/ocw/pkg/runner/template.go:119.16,122.49 2 1
github.com/uncloud-cc/ocw/pkg/runner/template.go:122.49,124.4 1 1
github.com/uncloud-cc/ocw/pkg/runner/template.go:125.3,125.58 1 0
github.com/uncloud-cc/ocw/pkg/runner/template.go:127.18,130.16 2 7
github.com/uncloud-cc/ocw/pkg/runner/template.go:131.15,132.32 1 4
github.com/uncloud-cc/ocw/pkg/runner/template.go:133.22,134.39 1 1
github.com/uncloud-cc/ocw/pkg/runner/template.go:135.13,136.30 1 1
github.com/uncloud-cc/ocw/pkg/runner/template.go:137.11,138.62 1 1
github.com/uncloud-cc/ocw/pkg/runner/template.go:141.13,144.16 2 5
github.com/uncloud-cc/ocw/pkg/runner/template.go:145.15,146.27 1 1
github.com/uncloud-cc/ocw/pkg/runner/template.go:147.22,148.34 1 1
github.com/uncloud-cc/ocw/pkg/runner/template.go:149.13,150.25 1 2
github.com/uncloud-cc/ocw/pkg/runner/template.go:151.11,152.57 1 1
github.com/uncloud-cc/ocw/pkg/runner/template.go:155.10,156.68 1 1
github.com/uncloud-cc/ocw/pkg/runner/template.go:161.91,162.14 1 5
github.com/uncloud-cc/ocw/pkg/runner/template.go:162.14,164.3 1 1
github.com/uncloud-cc/ocw/pkg/runner/template.go:166.2,167.22 2 4
github.com/uncloud-cc/ocw/pkg/runner/template.go:167.22,169.17 2 5
github.com/uncloud-cc/ocw/pkg/runner/template.go:169.17,171.4 1 1
github.com/uncloud-cc/ocw/pkg/runner/template.go:172.3,172.27 1 4
github.com/uncloud-cc/ocw/pkg/runner/template.go:174.2,174.20 1 3
github.com/uncloud-cc/ocw/pkg/runner/template.go:178.75,179.14 1 5
github.com/uncloud-cc/ocw/pkg/runner/template.go:179.14,181.3 1 1
github.com/uncloud-cc/ocw/pkg/runner/template.go:183.2,184.22 2 4
github.com/uncloud-cc/ocw/pkg/runner/template.go:184.22,186.17 2 7
github.com/uncloud-cc/ocw/pkg/runner/template.go:186.17,188.4 1 1
github.com/uncloud-cc/ocw/pkg/runner/template.go:189.3,189.27 1 6
github.com/uncloud-cc/ocw/pkg/runner/template.go:191.2,191.20 1 3
github.com/uncloud-cc/ocw/pkg/runner/template.go:195.34,197.2 1 7
github.com/uncloud-cc/ocw/pkg/runner/volumes.go:28.63,31.33 2 5
github.com/uncloud-cc/ocw/pkg/runner/volumes.go:31.33,35.40 2 5
github.com/uncloud-cc/ocw/pkg/runner/volumes.go:35.40,37.18 2 0
github.com/uncloud-cc/ocw/pkg/runner/volumes.go:37.18,39.5 1 0
github.com/uncloud-cc/ocw/pkg/runner/volumes.go:40.4,40.51 1 0
github.com/uncloud-cc/ocw/pkg/runner/volumes.go:43.3,43.32 1 5
github.com/uncloud-cc/ocw/pkg/runner/volumes.go:43.32,45.4 1 1
github.com/uncloud-cc/ocw/pkg/runner/volumes.go:47.3,48.17 2 5
github.com/uncloud-cc/ocw/pkg/runner/volumes.go:48.17,50.4 1 0
github.com/uncloud-cc/ocw/pkg/runner/volumes.go:53.3,53.45 1 5
github.com/uncloud-cc/ocw/pkg/runner/volumes.go:53.45,55.4 1 1
github.com/uncloud-cc/ocw/pkg/runner/volumes.go:57.3,58.17 2 4
github.com/uncloud-cc/ocw/pkg/runner/volumes.go:58.17,60.4 1 2
github.com/uncloud-cc/ocw/pkg/runner/volumes.go:62.3,67.4 1 4
github.com/uncloud-cc/ocw/pkg/runner/volumes.go:70.2,70.12 1 4
github.com/uncloud-cc/ocw/pkg/runner/volumes.go:75.103,80.34 3 4
github.com/uncloud-cc/ocw/pkg/runner/volumes.go:80.34,81.21 1 3
github.com/uncloud-cc/ocw/pkg/runner/volumes.go:81.21,82.12 1 0
github.com/uncloud-cc/ocw/pkg/runner/volumes.go:84.3,87.17 3 3
github.com/uncloud-cc/ocw/pkg/runner/volumes.go:87.17,89.4 1 0
github.com/uncloud-cc/ocw/pkg/runner/volumes.go:90.3,90.33 1 3
github.com/uncloud-cc/ocw/pkg/runner/volumes.go:94.2,94.33 1 4
github.com/uncloud-cc/ocw/pkg/runner/volumes.go:94.33,95.21 1 4
github.com/uncloud-cc/ocw/pkg/runner/volumes.go:95.21,96.12 1 1
github.com/uncloud-cc/ocw/pkg/runner/volumes.go:98.3,101.17 3 3
github.com/uncloud-cc/ocw/pkg/runner/volumes.go:101.17,103.4 1 0
github.com/uncloud-cc/ocw/pkg/runner/volumes.go:104.3,104.33 1 3
github.com/uncloud-cc/ocw/pkg/runner/volumes.go:107.2,107.20 1 4
github.com/uncloud-cc/ocw/pkg/runner/volumes.go:111.78,113.9 2 13
github.com/uncloud-cc/ocw/pkg/runner/volumes.go:113.9,115.3 1 1
github.com/uncloud-cc/ocw/pkg/runner/volumes.go:118.2,119.21 2 12
github.com/uncloud-cc/ocw/pkg/runner/volumes.go:119.21,121.3 1 10
github.com/uncloud-cc/ocw/pkg/runner/volumes.go:122.2,122.21 1 12
github.com/uncloud-cc/ocw/pkg/runner/volumes.go:122.21,124.3 1 9
github.com/uncloud-cc/ocw/pkg/runner/volumes.go:128.2,132.25 2 12
github.com/uncloud-cc/ocw/pkg/runner/volumes.go:132.25,133.20 1 3
github.com/uncloud-cc/ocw/pkg/runner/volumes.go:133.20,136.4 1 1
github.com/uncloud-cc/ocw/pkg/runner/volumes.go:136.9,136.22 1 2
github.com/uncloud-cc/ocw/pkg/runner/volumes.go:136.22,143.4 1 1
github.com/uncloud-cc/ocw/pkg/runner/volumes.go:147.2,151.8 1 11
github.com/uncloud-cc/ocw/pkg/runner/watcher.go:35.122,37.16 2 2
github.com/uncloud-cc/ocw/pkg/runner/watcher.go:37.16,39.3 1 0
github.com/uncloud-cc/ocw/pkg/runner/watcher.go:41.2,57.42 4 2
github.com/uncloud-cc/ocw/pkg/runner/watcher.go:57.42,61.3 3 0
github.com/uncloud-cc/ocw/pkg/runner/watcher.go:63.2,63.16 1 2
github.com/uncloud-cc/ocw/pkg/runner/watcher.go:67.41,69.41 1 2
github.com/uncloud-cc/ocw/pkg/runner/watcher.go:69.41,70.69 1 2
github.com/uncloud-cc/ocw/pkg/runner/watcher.go:70.69,72.4 1 1
github.com/uncloud-cc/ocw/pkg/runner/watcher.go:76.2,76.44 1 2
github.com/uncloud-cc/ocw/pkg/runner/watcher.go:76.44,77.72 1 2
github.com/uncloud-cc/ocw/pkg/runner/watcher.go:77.72,79.4 1 0
github.com/uncloud-cc/ocw/pkg/runner/watcher.go:83.2,83.83 1 2
github.com/uncloud-cc/ocw/pkg/runner/watcher.go:83.83,85.3 1 0
github.com/uncloud-cc/ocw/pkg/runner/watcher.go:88.2,88.61 1 2
github.com/uncloud-cc/ocw/pkg/runner/watcher.go:88.61,91.30 3 6
github.com/uncloud-cc/ocw/pkg/runner/watcher.go:91.30,92.22 1 6
github.com/uncloud-cc/ocw/pkg/runner/watcher.go:92.22,94.5 1 0
github.com/uncloud-cc/ocw/pkg/runner/watcher.go:96.3,96.15 1 6
github.com/uncloud-cc/ocw/pkg/runner/watcher.go:101.65,104.16 3 4
github.com/uncloud-cc/ocw/pkg/runner/watcher.go:104.16,106.3 1 3
github.com/uncloud-cc/ocw/pkg/runner/watcher.go:107.2,111.21 4 1
github.com/uncloud-cc/ocw/pkg/runner/watcher.go:111.21,114.49 2 2
github.com/uncloud-cc/ocw/pkg/runner/watcher.go:114.49,115.12 1 0
github.com/uncloud-cc/ocw/pkg/runner/watcher.go:117.3,117.36 1 2
github.com/uncloud-cc/ocw/pkg/runner/watcher.go:119.2,119.17 1 1
github.com/uncloud-cc/ocw/pkg/runner/watcher.go:123.74,124.32 1 1
github.com/uncloud-cc/ocw/pkg/runner/watcher.go:124.32,126.17 2 4
github.com/uncloud-cc/ocw/pkg/runner/watcher.go:126.17,128.4 1 0
github.com/uncloud-cc/ocw/pkg/runner/watcher.go:130.3,130.36 1 4
github.com/uncloud-cc/ocw/pkg/runner/watcher.go:130.36,132.39 1 7
github.com/uncloud-cc/ocw/pkg/runner/watcher.go:132.39,133.13 1 0
github.com/uncloud-cc/ocw/pkg/runner/watcher.go:137.4,138.13 2 7
github.com/uncloud-cc/ocw/pkg/runner/watcher.go:138.13,140.5 1 3
github.com/uncloud-cc/ocw/pkg/runner/watcher.go:143.4,143.63 1 7
github.com/uncloud-cc/ocw/pkg/runner/watcher.go:143.63,145.5 1 1
github.com/uncloud-cc/ocw/pkg/runner/watcher.go:148.4,148.78 1 6
github.com/uncloud-cc/ocw/pkg/runner/watcher.go:148.78,150.5 1 0
github.com/uncloud-cc/ocw/pkg/runner/watcher.go:153.4,154.25 2 6
github.com/uncloud-cc/ocw/pkg/runner/watcher.go:154.25,156.64 2 6
github.com/uncloud-cc/ocw/pkg/runner/watcher.go:156.64,158.6 1 0
github.com/uncloud-cc/ocw/pkg/runner/watcher.go:159.5,159.65 1 6
github.com/uncloud-cc/ocw/pkg/runner/watcher.go:159.65,161.6 1 0
github.com/uncloud-cc/ocw/pkg/runner/watcher.go:165.4,165.39 1 6
github.com/uncloud-cc/ocw/pkg/runner/watcher.go:165.39,170.102 3 0
github.com/uncloud-cc/ocw/pkg/runner/watcher.go:170.102,172.6 1 0
github.com/uncloud-cc/ocw/pkg/runner/watcher.go:175.3,175.15 1 3
github.com/uncloud-cc/ocw/pkg/runner/watcher.go:180.45,184.24 2 2
github.com/uncloud-cc/ocw/pkg/runner/watcher.go:184.24,186.3 1 2
github.com/uncloud-cc/ocw/pkg/runner/watcher.go:189.2,189.35 1 0
github.com/uncloud-cc/ocw/pkg/runner/watcher.go:189.35,191.31 1 0
github.com/uncloud-cc/ocw/pkg/runner/watcher.go:191.31,193.4 1 0
github.com/uncloud-cc/ocw/pkg/runner/watcher.go:196.3,198.55 2 0
github.com/uncloud-cc/ocw/pkg/runner/watcher.go:198.55,200.4 1 0
github.com/uncloud-cc/ocw/pkg/runner/watcher.go:203.2,203.12 1 0
github.com/uncloud-cc/ocw/pkg/runner/watcher.go:207.59,215.15 3 0
github.com/uncloud-cc/ocw/pkg/runner/watcher.go:215.15,218.3 1 0
github.com/uncloud-cc/ocw/pkg/runner/watcher.go:218.8,222.20 3 0
github.com/uncloud-cc/ocw/pkg/runner/watcher.go:222.20,225.4 1 0
github.com/uncloud-cc/ocw/pkg/runner/watcher.go:225.9,227.4 1 0
github.com/uncloud-cc/ocw/pkg/runner/watcher.go:231.2,231.60 1 0
github.com/uncloud-cc/ocw/pkg/runner/watcher.go:231.60,233.3 1 0
github.com/uncloud-cc/ocw/pkg/runner/watcher.go:235.2,235.12 1 0
github.com/uncloud-cc/ocw/pkg/runner/watcher.go:239.58,240.82 1 2
github.com/uncloud-cc/ocw/pkg/runner/watcher.go:240.82,241.17 1 4
github.com/uncloud-cc/ocw/pkg/runner/watcher.go:241.17,243.4 1 0
github.com/uncloud-cc/ocw/pkg/runner/watcher.go:246.3,246.28 1 4
github.com/uncloud-cc/ocw/pkg/runner/watcher.go:246.28,247.20 1 0
github.com/uncloud-cc/ocw/pkg/runner/watcher.go:247.20,249.5 1 0
github.com/uncloud-cc/ocw/pkg/runner/watcher.go:250.4,250.14 1 0
github.com/uncloud-cc/ocw/pkg/runner/watcher.go:254.3,254.19 1 4
github.com/uncloud-cc/ocw/pkg/runner/watcher.go:254.19,255.47 1 2
github.com/uncloud-cc/ocw/pkg/runner/watcher.go:255.47,257.30 1 0
github.com/uncloud-cc/ocw/pkg/runner/watcher.go:257.30,259.6 1 0
github.com/uncloud-cc/ocw/pkg/runner/watcher.go:263.3,263.13 1 4
github.com/uncloud-cc/ocw/pkg/runner/watcher.go:268.55,269.34 1 7
github.com/uncloud-cc/ocw/pkg/runner/watcher.go:269.34,270.15 1 10
github.com/uncloud-cc/ocw/pkg/runner/watcher.go:270.15,272.4 1 1
github.com/uncloud-cc/ocw/pkg/runner/watcher.go:274.2,274.14 1 6
github.com/uncloud-cc/ocw/pkg/runner/watcher.go:278.62,280.27 1 1
github.com/uncloud-cc/ocw/pkg/runner/watcher.go:280.27,282.3 1 0
github.com/uncloud-cc/ocw/pkg/runner/watcher.go:285.2,286.24 2 1
github.com/uncloud-cc/ocw/pkg/runner/watcher.go:286.24,288.3 1 1
github.com/uncloud-cc/ocw/pkg/runner/watcher.go:290.2,291.16 2 0
github.com/uncloud-cc/ocw/pkg/runner/watcher.go:291.16,293.3 1 0
github.com/uncloud-cc/ocw/pkg/runner/watcher.go:296.2,298.35 2 0
github.com/uncloud-cc/ocw/pkg/runner/watcher.go:298.35,300.30 1 0
github.com/uncloud-cc/ocw/pkg/runner/watcher.go:300.30,302.4 1 0
github.com/uncloud-cc/ocw/pkg/runner/watcher.go:305.3,308.39 2 0
github.com/uncloud-cc/ocw/pkg/runner/watcher.go:308.39,310.4 1 0
github.com/uncloud-cc/ocw/pkg/runner/watcher.go:313.3,314.28 2 0
github.com/uncloud-cc/ocw/pkg/runner/watcher.go:314.28,316.4 1 0
github.com/uncloud-cc/ocw/pkg/runner/watcher.go:319.2,319.14 1 0
github.com/uncloud-cc/ocw/pkg/runner/watcher.go:323.32,325.2 1 1
github.com/uncloud-cc/ocw/pkg/runner/watcher.go:328.36,329.6 1 1
github.com/uncloud-cc/ocw/pkg/runner/watcher.go:329.6,330.10 1 3
github.com/uncloud-cc/ocw/pkg/runner/watcher.go:331.41,332.11 1 2
github.com/uncloud-cc/ocw/pkg/runner/watcher.go:332.11,334.5 1 0
github.com/uncloud-cc/ocw/pkg/runner/watcher.go:335.4,335.25 1 2
github.com/uncloud-cc/ocw/pkg/runner/watcher.go:337.39,338.11 1 0
github.com/uncloud-cc/ocw/pkg/runner/watcher.go:338.11,340.5 1 0
github.com/uncloud-cc/ocw/pkg/runner/watcher.go:342.4,342.52 1 0
github.com/uncloud-cc/ocw/pkg/runner/watcher.go:344.24,345.10 1 1
github.com/uncloud-cc/ocw/pkg/runner/watcher.go:351.58,354.62 1 2
github.com/uncloud-cc/ocw/pkg/runner/watcher.go:354.62,356.3 1 1
github.com/uncloud-cc/ocw/pkg/runner/watcher.go:359.2,359.41 1 1
github.com/uncloud-cc/ocw/pkg/runner/watcher.go:359.41,361.3 1 0
github.com/uncloud-cc/ocw/pkg/runner/watcher.go:364.2,364.32 1 1
github.com/uncloud-cc/ocw/pkg/runner/watcher.go:364.32,365.67 1 0
github.com/uncloud-cc/ocw/pkg/runner/watcher.go:365.67,367.4 1 0
github.com/uncloud-cc/ocw/pkg/runner/watcher.go:371.2,371.30 1 1
github.com/uncloud-cc/ocw/pkg/runner/watcher.go:375.58,383.21 4 1
github.com/uncloud-cc/ocw/pkg/runner/watcher.go:383.21,385.3 1 0
github.com/uncloud-cc/ocw/pkg/runner/watcher.go:388.2,388.48 1 1
github.com/uncloud-cc/ocw/pkg/runner/watcher.go:388.48,393.3 4 1
github.com/uncloud-cc/ocw/pkg/runner/watcher.go:397.37,400.2 2 2
